
*** Running vivado
    with args -log system.vds -m64 -product Vivado -mode batch -messageDb vivado.pb -notrace -source system.tcl



****** Vivado v2024.1 (64-bit)
  **** SW Build 5076996 on Wed May 22 18:37:14 MDT 2024
  **** IP Build 5075265 on Wed May 22 21:45:21 MDT 2024
  **** SharedData Build 5076995 on Wed May 22 18:29:18 MDT 2024
  **** Start of session at: Tue Oct 29 13:40:00 2024
    ** Copyright 1986-2022 Xilinx, Inc. All Rights Reserved.
    ** Copyright 2022-2024 Advanced Micro Devices, Inc. All Rights Reserved.

source system.tcl -notrace
create_project: Time (s): cpu = 00:00:07 ; elapsed = 00:00:14 . Memory (MB): peak = 517.906 ; gain = 226.523
Command: read_checkpoint -auto_incremental -incremental C:/Users/OarChula/Documents/GitHub/2110363-HWSynLab/lab06/lab06.srcs/utils_1/imports/synth_1/system.dcp
INFO: [Vivado 12-5825] Read reference checkpoint from C:/Users/OarChula/Documents/GitHub/2110363-HWSynLab/lab06/lab06.srcs/utils_1/imports/synth_1/system.dcp for incremental synthesis
INFO: [Vivado 12-7989] Please ensure there are no constraint changes
Command: synth_design -top system -part xc7a35tcpg236-1
Starting synth_design
Attempting to get a license for feature 'Synthesis' and/or device 'xc7a35t'
INFO: [Common 17-349] Got license for feature 'Synthesis' and/or device 'xc7a35t'
INFO: [Device 21-403] Loading part xc7a35tcpg236-1
INFO: [Device 21-9227] Part: xc7a35tcpg236-1 does not have CEAM library.
INFO: [Designutils 20-5440] No compile time benefit to using incremental synthesis; A full resynthesis will be run
INFO: [Designutils 20-4379] Flow is switching to default flow due to incremental criteria not met. If you would like to alter this behaviour and have the flow terminate instead, please set the following parameter config_implementation {autoIncr.Synth.RejectBehavior Terminate}
INFO: [Synth 8-7079] Multithreading enabled for synth_design using a maximum of 2 processes.
INFO: [Synth 8-7078] Launching helper process for spawning children vivado processes
INFO: [Synth 8-7075] Helper process launched with PID 10028
---------------------------------------------------------------------------------
Starting RTL Elaboration : Time (s): cpu = 00:00:08 ; elapsed = 00:00:14 . Memory (MB): peak = 1367.223 ; gain = 446.750
---------------------------------------------------------------------------------
INFO: [Synth 8-6157] synthesizing module 'system' [C:/Users/OarChula/Documents/GitHub/2110363-HWSynLab/lab06/lab06.srcs/sources_1/new/system.v:23]
INFO: [Synth 8-6157] synthesizing module 'uart' [C:/Users/OarChula/Documents/GitHub/2110363-HWSynLab/lab06/lab06.srcs/sources_1/new/uart.v:22]
INFO: [Synth 8-6157] synthesizing module 'baudrate_gen' [C:/Users/OarChula/Documents/GitHub/2110363-HWSynLab/lab06/lab06.srcs/sources_1/new/baudrate_gen.v:23]
INFO: [Synth 8-6155] done synthesizing module 'baudrate_gen' (0#1) [C:/Users/OarChula/Documents/GitHub/2110363-HWSynLab/lab06/lab06.srcs/sources_1/new/baudrate_gen.v:23]
INFO: [Synth 8-6157] synthesizing module 'uart_rx' [C:/Users/OarChula/Documents/GitHub/2110363-HWSynLab/lab06/lab06.srcs/sources_1/new/uart_rx.v:23]
INFO: [Synth 8-155] case statement is not full and has no default [C:/Users/OarChula/Documents/GitHub/2110363-HWSynLab/lab06/lab06.srcs/sources_1/new/uart_rx.v:45]
INFO: [Synth 8-6155] done synthesizing module 'uart_rx' (0#1) [C:/Users/OarChula/Documents/GitHub/2110363-HWSynLab/lab06/lab06.srcs/sources_1/new/uart_rx.v:23]
INFO: [Synth 8-6157] synthesizing module 'uart_tx' [C:/Users/OarChula/Documents/GitHub/2110363-HWSynLab/lab06/lab06.srcs/sources_1/new/uart_tx.v:22]
INFO: [Synth 8-155] case statement is not full and has no default [C:/Users/OarChula/Documents/GitHub/2110363-HWSynLab/lab06/lab06.srcs/sources_1/new/uart_tx.v:49]
INFO: [Synth 8-6155] done synthesizing module 'uart_tx' (0#1) [C:/Users/OarChula/Documents/GitHub/2110363-HWSynLab/lab06/lab06.srcs/sources_1/new/uart_tx.v:22]
INFO: [Synth 8-6157] synthesizing module 'hexTo7Segment' [C:/Users/OarChula/Documents/GitHub/2110363-HWSynLab/lab06/lab06.srcs/sources_1/new/hexTo7Segment.v:23]
INFO: [Synth 8-6155] done synthesizing module 'hexTo7Segment' (0#1) [C:/Users/OarChula/Documents/GitHub/2110363-HWSynLab/lab06/lab06.srcs/sources_1/new/hexTo7Segment.v:23]
INFO: [Synth 8-6155] done synthesizing module 'uart' (0#1) [C:/Users/OarChula/Documents/GitHub/2110363-HWSynLab/lab06/lab06.srcs/sources_1/new/uart.v:22]
INFO: [Synth 8-6155] done synthesizing module 'system' (0#1) [C:/Users/OarChula/Documents/GitHub/2110363-HWSynLab/lab06/lab06.srcs/sources_1/new/system.v:23]
WARNING: [Synth 8-3917] design system has port an[3] driven by constant 1
WARNING: [Synth 8-3917] design system has port an[2] driven by constant 1
WARNING: [Synth 8-3917] design system has port an[1] driven by constant 1
WARNING: [Synth 8-3917] design system has port an[0] driven by constant 0
WARNING: [Synth 8-3917] design system has port dp driven by constant 0
---------------------------------------------------------------------------------
Finished RTL Elaboration : Time (s): cpu = 00:00:10 ; elapsed = 00:00:18 . Memory (MB): peak = 1477.414 ; gain = 556.941
---------------------------------------------------------------------------------
---------------------------------------------------------------------------------
Start Handling Custom Attributes
---------------------------------------------------------------------------------
---------------------------------------------------------------------------------
Finished Handling Custom Attributes : Time (s): cpu = 00:00:10 ; elapsed = 00:00:18 . Memory (MB): peak = 1477.414 ; gain = 556.941
---------------------------------------------------------------------------------
---------------------------------------------------------------------------------
Finished RTL Optimization Phase 1 : Time (s): cpu = 00:00:10 ; elapsed = 00:00:18 . Memory (MB): peak = 1477.414 ; gain = 556.941
---------------------------------------------------------------------------------
Netlist sorting complete. Time (s): cpu = 00:00:00 ; elapsed = 00:00:00.003 . Memory (MB): peak = 1477.414 ; gain = 0.000
INFO: [Project 1-570] Preparing netlist for logic optimization

Processing XDC Constraints
Initializing timing engine
Parsing XDC File [C:/Users/OarChula/Documents/GitHub/2110363-HWSynLab/lab06/lab06.srcs/constrs_1/new/Basys3_Master.xdc]
WARNING: [Vivado 12-584] No ports matched 'sw[0]'. [C:/Users/OarChula/Documents/GitHub/2110363-HWSynLab/lab06/lab06.srcs/constrs_1/new/Basys3_Master.xdc:12]
CRITICAL WARNING: [Common 17-55] 'set_property' expects at least one object. [C:/Users/OarChula/Documents/GitHub/2110363-HWSynLab/lab06/lab06.srcs/constrs_1/new/Basys3_Master.xdc:12]
Resolution: If [get_<value>] was used to populate the object, check to make sure this command returns at least one valid object.
WARNING: [Vivado 12-584] No ports matched 'sw[0]'. [C:/Users/OarChula/Documents/GitHub/2110363-HWSynLab/lab06/lab06.srcs/constrs_1/new/Basys3_Master.xdc:13]
CRITICAL WARNING: [Common 17-55] 'set_property' expects at least one object. [C:/Users/OarChula/Documents/GitHub/2110363-HWSynLab/lab06/lab06.srcs/constrs_1/new/Basys3_Master.xdc:13]
Resolution: If [get_<value>] was used to populate the object, check to make sure this command returns at least one valid object.
WARNING: [Vivado 12-584] No ports matched 'sw[1]'. [C:/Users/OarChula/Documents/GitHub/2110363-HWSynLab/lab06/lab06.srcs/constrs_1/new/Basys3_Master.xdc:14]
CRITICAL WARNING: [Common 17-55] 'set_property' expects at least one object. [C:/Users/OarChula/Documents/GitHub/2110363-HWSynLab/lab06/lab06.srcs/constrs_1/new/Basys3_Master.xdc:14]
Resolution: If [get_<value>] was used to populate the object, check to make sure this command returns at least one valid object.
WARNING: [Vivado 12-584] No ports matched 'sw[1]'. [C:/Users/OarChula/Documents/GitHub/2110363-HWSynLab/lab06/lab06.srcs/constrs_1/new/Basys3_Master.xdc:15]
CRITICAL WARNING: [Common 17-55] 'set_property' expects at least one object. [C:/Users/OarChula/Documents/GitHub/2110363-HWSynLab/lab06/lab06.srcs/constrs_1/new/Basys3_Master.xdc:15]
Resolution: If [get_<value>] was used to populate the object, check to make sure this command returns at least one valid object.
WARNING: [Vivado 12-584] No ports matched 'sw[2]'. [C:/Users/OarChula/Documents/GitHub/2110363-HWSynLab/lab06/lab06.srcs/constrs_1/new/Basys3_Master.xdc:16]
CRITICAL WARNING: [Common 17-55] 'set_property' expects at least one object. [C:/Users/OarChula/Documents/GitHub/2110363-HWSynLab/lab06/lab06.srcs/constrs_1/new/Basys3_Master.xdc:16]
Resolution: If [get_<value>] was used to populate the object, check to make sure this command returns at least one valid object.
WARNING: [Vivado 12-584] No ports matched 'sw[2]'. [C:/Users/OarChula/Documents/GitHub/2110363-HWSynLab/lab06/lab06.srcs/constrs_1/new/Basys3_Master.xdc:17]
CRITICAL WARNING: [Common 17-55] 'set_property' expects at least one object. [C:/Users/OarChula/Documents/GitHub/2110363-HWSynLab/lab06/lab06.srcs/constrs_1/new/Basys3_Master.xdc:17]
Resolution: If [get_<value>] was used to populate the object, check to make sure this command returns at least one valid object.
WARNING: [Vivado 12-584] No ports matched 'sw[3]'. [C:/Users/OarChula/Documents/GitHub/2110363-HWSynLab/lab06/lab06.srcs/constrs_1/new/Basys3_Master.xdc:18]
CRITICAL WARNING: [Common 17-55] 'set_property' expects at least one object. [C:/Users/OarChula/Documents/GitHub/2110363-HWSynLab/lab06/lab06.srcs/constrs_1/new/Basys3_Master.xdc:18]
Resolution: If [get_<value>] was used to populate the object, check to make sure this command returns at least one valid object.
WARNING: [Vivado 12-584] No ports matched 'sw[3]'. [C:/Users/OarChula/Documents/GitHub/2110363-HWSynLab/lab06/lab06.srcs/constrs_1/new/Basys3_Master.xdc:19]
CRITICAL WARNING: [Common 17-55] 'set_property' expects at least one object. [C:/Users/OarChula/Documents/GitHub/2110363-HWSynLab/lab06/lab06.srcs/constrs_1/new/Basys3_Master.xdc:19]
Resolution: If [get_<value>] was used to populate the object, check to make sure this command returns at least one valid object.
WARNING: [Vivado 12-584] No ports matched 'sw[4]'. [C:/Users/OarChula/Documents/GitHub/2110363-HWSynLab/lab06/lab06.srcs/constrs_1/new/Basys3_Master.xdc:20]
CRITICAL WARNING: [Common 17-55] 'set_property' expects at least one object. [C:/Users/OarChula/Documents/GitHub/2110363-HWSynLab/lab06/lab06.srcs/constrs_1/new/Basys3_Master.xdc:20]
Resolution: If [get_<value>] was used to populate the object, check to make sure this command returns at least one valid object.
WARNING: [Vivado 12-584] No ports matched 'sw[4]'. [C:/Users/OarChula/Documents/GitHub/2110363-HWSynLab/lab06/lab06.srcs/constrs_1/new/Basys3_Master.xdc:21]
CRITICAL WARNING: [Common 17-55] 'set_property' expects at least one object. [C:/Users/OarChula/Documents/GitHub/2110363-HWSynLab/lab06/lab06.srcs/constrs_1/new/Basys3_Master.xdc:21]
Resolution: If [get_<value>] was used to populate the object, check to make sure this command returns at least one valid object.
WARNING: [Vivado 12-584] No ports matched 'sw[5]'. [C:/Users/OarChula/Documents/GitHub/2110363-HWSynLab/lab06/lab06.srcs/constrs_1/new/Basys3_Master.xdc:22]
CRITICAL WARNING: [Common 17-55] 'set_property' expects at least one object. [C:/Users/OarChula/Documents/GitHub/2110363-HWSynLab/lab06/lab06.srcs/constrs_1/new/Basys3_Master.xdc:22]
Resolution: If [get_<value>] was used to populate the object, check to make sure this command returns at least one valid object.
WARNING: [Vivado 12-584] No ports matched 'sw[5]'. [C:/Users/OarChula/Documents/GitHub/2110363-HWSynLab/lab06/lab06.srcs/constrs_1/new/Basys3_Master.xdc:23]
CRITICAL WARNING: [Common 17-55] 'set_property' expects at least one object. [C:/Users/OarChula/Documents/GitHub/2110363-HWSynLab/lab06/lab06.srcs/constrs_1/new/Basys3_Master.xdc:23]
Resolution: If [get_<value>] was used to populate the object, check to make sure this command returns at least one valid object.
WARNING: [Vivado 12-584] No ports matched 'sw[6]'. [C:/Users/OarChula/Documents/GitHub/2110363-HWSynLab/lab06/lab06.srcs/constrs_1/new/Basys3_Master.xdc:24]
CRITICAL WARNING: [Common 17-55] 'set_property' expects at least one object. [C:/Users/OarChula/Documents/GitHub/2110363-HWSynLab/lab06/lab06.srcs/constrs_1/new/Basys3_Master.xdc:24]
Resolution: If [get_<value>] was used to populate the object, check to make sure this command returns at least one valid object.
WARNING: [Vivado 12-584] No ports matched 'sw[6]'. [C:/Users/OarChula/Documents/GitHub/2110363-HWSynLab/lab06/lab06.srcs/constrs_1/new/Basys3_Master.xdc:25]
CRITICAL WARNING: [Common 17-55] 'set_property' expects at least one object. [C:/Users/OarChula/Documents/GitHub/2110363-HWSynLab/lab06/lab06.srcs/constrs_1/new/Basys3_Master.xdc:25]
Resolution: If [get_<value>] was used to populate the object, check to make sure this command returns at least one valid object.
WARNING: [Vivado 12-584] No ports matched 'sw[7]'. [C:/Users/OarChula/Documents/GitHub/2110363-HWSynLab/lab06/lab06.srcs/constrs_1/new/Basys3_Master.xdc:26]
CRITICAL WARNING: [Common 17-55] 'set_property' expects at least one object. [C:/Users/OarChula/Documents/GitHub/2110363-HWSynLab/lab06/lab06.srcs/constrs_1/new/Basys3_Master.xdc:26]
Resolution: If [get_<value>] was used to populate the object, check to make sure this command returns at least one valid object.
WARNING: [Vivado 12-584] No ports matched 'sw[7]'. [C:/Users/OarChula/Documents/GitHub/2110363-HWSynLab/lab06/lab06.srcs/constrs_1/new/Basys3_Master.xdc:27]
CRITICAL WARNING: [Common 17-55] 'set_property' expects at least one object. [C:/Users/OarChula/Documents/GitHub/2110363-HWSynLab/lab06/lab06.srcs/constrs_1/new/Basys3_Master.xdc:27]
Resolution: If [get_<value>] was used to populate the object, check to make sure this command returns at least one valid object.
WARNING: [Vivado 12-584] No ports matched 'sw[8]'. [C:/Users/OarChula/Documents/GitHub/2110363-HWSynLab/lab06/lab06.srcs/constrs_1/new/Basys3_Master.xdc:28]
CRITICAL WARNING: [Common 17-55] 'set_property' expects at least one object. [C:/Users/OarChula/Documents/GitHub/2110363-HWSynLab/lab06/lab06.srcs/constrs_1/new/Basys3_Master.xdc:28]
Resolution: If [get_<value>] was used to populate the object, check to make sure this command returns at least one valid object.
WARNING: [Vivado 12-584] No ports matched 'sw[8]'. [C:/Users/OarChula/Documents/GitHub/2110363-HWSynLab/lab06/lab06.srcs/constrs_1/new/Basys3_Master.xdc:29]
CRITICAL WARNING: [Common 17-55] 'set_property' expects at least one object. [C:/Users/OarChula/Documents/GitHub/2110363-HWSynLab/lab06/lab06.srcs/constrs_1/new/Basys3_Master.xdc:29]
Resolution: If [get_<value>] was used to populate the object, check to make sure this command returns at least one valid object.
WARNING: [Vivado 12-584] No ports matched 'sw[9]'. [C:/Users/OarChula/Documents/GitHub/2110363-HWSynLab/lab06/lab06.srcs/constrs_1/new/Basys3_Master.xdc:30]
CRITICAL WARNING: [Common 17-55] 'set_property' expects at least one object. [C:/Users/OarChula/Documents/GitHub/2110363-HWSynLab/lab06/lab06.srcs/constrs_1/new/Basys3_Master.xdc:30]
Resolution: If [get_<value>] was used to populate the object, check to make sure this command returns at least one valid object.
WARNING: [Vivado 12-584] No ports matched 'sw[9]'. [C:/Users/OarChula/Documents/GitHub/2110363-HWSynLab/lab06/lab06.srcs/constrs_1/new/Basys3_Master.xdc:31]
CRITICAL WARNING: [Common 17-55] 'set_property' expects at least one object. [C:/Users/OarChula/Documents/GitHub/2110363-HWSynLab/lab06/lab06.srcs/constrs_1/new/Basys3_Master.xdc:31]
Resolution: If [get_<value>] was used to populate the object, check to make sure this command returns at least one valid object.
WARNING: [Vivado 12-584] No ports matched 'sw[10]'. [C:/Users/OarChula/Documents/GitHub/2110363-HWSynLab/lab06/lab06.srcs/constrs_1/new/Basys3_Master.xdc:32]
CRITICAL WARNING: [Common 17-55] 'set_property' expects at least one object. [C:/Users/OarChula/Documents/GitHub/2110363-HWSynLab/lab06/lab06.srcs/constrs_1/new/Basys3_Master.xdc:32]
Resolution: If [get_<value>] was used to populate the object, check to make sure this command returns at least one valid object.
WARNING: [Vivado 12-584] No ports matched 'sw[10]'. [C:/Users/OarChula/Documents/GitHub/2110363-HWSynLab/lab06/lab06.srcs/constrs_1/new/Basys3_Master.xdc:33]
CRITICAL WARNING: [Common 17-55] 'set_property' expects at least one object. [C:/Users/OarChula/Documents/GitHub/2110363-HWSynLab/lab06/lab06.srcs/constrs_1/new/Basys3_Master.xdc:33]
Resolution: If [get_<value>] was used to populate the object, check to make sure this command returns at least one valid object.
WARNING: [Vivado 12-584] No ports matched 'sw[11]'. [C:/Users/OarChula/Documents/GitHub/2110363-HWSynLab/lab06/lab06.srcs/constrs_1/new/Basys3_Master.xdc:34]
CRITICAL WARNING: [Common 17-55] 'set_property' expects at least one object. [C:/Users/OarChula/Documents/GitHub/2110363-HWSynLab/lab06/lab06.srcs/constrs_1/new/Basys3_Master.xdc:34]
Resolution: If [get_<value>] was used to populate the object, check to make sure this command returns at least one valid object.
WARNING: [Vivado 12-584] No ports matched 'sw[11]'. [C:/Users/OarChula/Documents/GitHub/2110363-HWSynLab/lab06/lab06.srcs/constrs_1/new/Basys3_Master.xdc:35]
CRITICAL WARNING: [Common 17-55] 'set_property' expects at least one object. [C:/Users/OarChula/Documents/GitHub/2110363-HWSynLab/lab06/lab06.srcs/constrs_1/new/Basys3_Master.xdc:35]
Resolution: If [get_<value>] was used to populate the object, check to make sure this command returns at least one valid object.
WARNING: [Vivado 12-584] No ports matched 'sw[12]'. [C:/Users/OarChula/Documents/GitHub/2110363-HWSynLab/lab06/lab06.srcs/constrs_1/new/Basys3_Master.xdc:36]
CRITICAL WARNING: [Common 17-55] 'set_property' expects at least one object. [C:/Users/OarChula/Documents/GitHub/2110363-HWSynLab/lab06/lab06.srcs/constrs_1/new/Basys3_Master.xdc:36]
Resolution: If [get_<value>] was used to populate the object, check to make sure this command returns at least one valid object.
WARNING: [Vivado 12-584] No ports matched 'sw[12]'. [C:/Users/OarChula/Documents/GitHub/2110363-HWSynLab/lab06/lab06.srcs/constrs_1/new/Basys3_Master.xdc:37]
CRITICAL WARNING: [Common 17-55] 'set_property' expects at least one object. [C:/Users/OarChula/Documents/GitHub/2110363-HWSynLab/lab06/lab06.srcs/constrs_1/new/Basys3_Master.xdc:37]
Resolution: If [get_<value>] was used to populate the object, check to make sure this command returns at least one valid object.
WARNING: [Vivado 12-584] No ports matched 'sw[13]'. [C:/Users/OarChula/Documents/GitHub/2110363-HWSynLab/lab06/lab06.srcs/constrs_1/new/Basys3_Master.xdc:38]
CRITICAL WARNING: [Common 17-55] 'set_property' expects at least one object. [C:/Users/OarChula/Documents/GitHub/2110363-HWSynLab/lab06/lab06.srcs/constrs_1/new/Basys3_Master.xdc:38]
Resolution: If [get_<value>] was used to populate the object, check to make sure this command returns at least one valid object.
WARNING: [Vivado 12-584] No ports matched 'sw[13]'. [C:/Users/OarChula/Documents/GitHub/2110363-HWSynLab/lab06/lab06.srcs/constrs_1/new/Basys3_Master.xdc:39]
CRITICAL WARNING: [Common 17-55] 'set_property' expects at least one object. [C:/Users/OarChula/Documents/GitHub/2110363-HWSynLab/lab06/lab06.srcs/constrs_1/new/Basys3_Master.xdc:39]
Resolution: If [get_<value>] was used to populate the object, check to make sure this command returns at least one valid object.
WARNING: [Vivado 12-584] No ports matched 'sw[14]'. [C:/Users/OarChula/Documents/GitHub/2110363-HWSynLab/lab06/lab06.srcs/constrs_1/new/Basys3_Master.xdc:40]
CRITICAL WARNING: [Common 17-55] 'set_property' expects at least one object. [C:/Users/OarChula/Documents/GitHub/2110363-HWSynLab/lab06/lab06.srcs/constrs_1/new/Basys3_Master.xdc:40]
Resolution: If [get_<value>] was used to populate the object, check to make sure this command returns at least one valid object.
WARNING: [Vivado 12-584] No ports matched 'sw[14]'. [C:/Users/OarChula/Documents/GitHub/2110363-HWSynLab/lab06/lab06.srcs/constrs_1/new/Basys3_Master.xdc:41]
CRITICAL WARNING: [Common 17-55] 'set_property' expects at least one object. [C:/Users/OarChula/Documents/GitHub/2110363-HWSynLab/lab06/lab06.srcs/constrs_1/new/Basys3_Master.xdc:41]
Resolution: If [get_<value>] was used to populate the object, check to make sure this command returns at least one valid object.
WARNING: [Vivado 12-584] No ports matched 'sw[15]'. [C:/Users/OarChula/Documents/GitHub/2110363-HWSynLab/lab06/lab06.srcs/constrs_1/new/Basys3_Master.xdc:42]
CRITICAL WARNING: [Common 17-55] 'set_property' expects at least one object. [C:/Users/OarChula/Documents/GitHub/2110363-HWSynLab/lab06/lab06.srcs/constrs_1/new/Basys3_Master.xdc:42]
Resolution: If [get_<value>] was used to populate the object, check to make sure this command returns at least one valid object.
WARNING: [Vivado 12-584] No ports matched 'sw[15]'. [C:/Users/OarChula/Documents/GitHub/2110363-HWSynLab/lab06/lab06.srcs/constrs_1/new/Basys3_Master.xdc:43]
CRITICAL WARNING: [Common 17-55] 'set_property' expects at least one object. [C:/Users/OarChula/Documents/GitHub/2110363-HWSynLab/lab06/lab06.srcs/constrs_1/new/Basys3_Master.xdc:43]
Resolution: If [get_<value>] was used to populate the object, check to make sure this command returns at least one valid object.
Finished Parsing XDC File [C:/Users/OarChula/Documents/GitHub/2110363-HWSynLab/lab06/lab06.srcs/constrs_1/new/Basys3_Master.xdc]
INFO: [Project 1-236] Implementation specific constraints were found while reading constraint file [C:/Users/OarChula/Documents/GitHub/2110363-HWSynLab/lab06/lab06.srcs/constrs_1/new/Basys3_Master.xdc]. These constraints will be ignored for synthesis but will be used in implementation. Impacted constraints are listed in the file [.Xil/system_propImpl.xdc].
Resolution: To avoid this warning, move constraints listed in [.Xil/system_propImpl.xdc] to another XDC file and exclude this new file from synthesis with the used_in_synthesis property (File Properties dialog in GUI) and re-run elaboration/synthesis.
Completed Processing XDC Constraints

Netlist sorting complete. Time (s): cpu = 00:00:00 ; elapsed = 00:00:00 . Memory (MB): peak = 1565.590 ; gain = 0.000
INFO: [Project 1-111] Unisim Transformation Summary:
No Unisim elements were transformed.

Constraint Validation Runtime : Time (s): cpu = 00:00:00 ; elapsed = 00:00:00.006 . Memory (MB): peak = 1565.590 ; gain = 0.000
INFO: [Designutils 20-5440] No compile time benefit to using incremental synthesis; A full resynthesis will be run
INFO: [Designutils 20-4379] Flow is switching to default flow due to incremental criteria not met. If you would like to alter this behaviour and have the flow terminate instead, please set the following parameter config_implementation {autoIncr.Synth.RejectBehavior Terminate}
---------------------------------------------------------------------------------
Finished Constraint Validation : Time (s): cpu = 00:00:18 ; elapsed = 00:00:36 . Memory (MB): peak = 1565.590 ; gain = 645.117
---------------------------------------------------------------------------------
---------------------------------------------------------------------------------
Start Loading Part and Timing Information
---------------------------------------------------------------------------------
Loading part: xc7a35tcpg236-1
---------------------------------------------------------------------------------
Finished Loading Part and Timing Information : Time (s): cpu = 00:00:18 ; elapsed = 00:00:36 . Memory (MB): peak = 1565.590 ; gain = 645.117
---------------------------------------------------------------------------------
---------------------------------------------------------------------------------
Start Applying 'set_property' XDC Constraints
---------------------------------------------------------------------------------
---------------------------------------------------------------------------------
Finished applying 'set_property' XDC Constraints : Time (s): cpu = 00:00:18 ; elapsed = 00:00:36 . Memory (MB): peak = 1565.590 ; gain = 645.117
---------------------------------------------------------------------------------
---------------------------------------------------------------------------------
Finished RTL Optimization Phase 2 : Time (s): cpu = 00:00:19 ; elapsed = 00:00:37 . Memory (MB): peak = 1565.590 ; gain = 645.117
---------------------------------------------------------------------------------
---------------------------------------------------------------------------------
Start RTL Component Statistics 
---------------------------------------------------------------------------------
Detailed RTL Component Info : 
+---Adders : 
	   2 Input   32 Bit       Adders := 1     
	   2 Input    8 Bit       Adders := 2     
+---Registers : 
	                8 Bit    Registers := 5     
	                1 Bit    Registers := 10    
---------------------------------------------------------------------------------
Finished RTL Component Statistics 
---------------------------------------------------------------------------------
---------------------------------------------------------------------------------
Start Part Resource Summary
---------------------------------------------------------------------------------
Part Resources:
DSPs: 90 (col length:60)
BRAMs: 100 (col length: RAMB18 60 RAMB36 30)
---------------------------------------------------------------------------------
Finished Part Resource Summary
---------------------------------------------------------------------------------

*** Running vivado
    with args -log system.vds -m64 -product Vivado -mode batch -messageDb vivado.pb -notrace -source system.tcl



****** Vivado v2024.1 (64-bit)
  **** SW Build 5076996 on Wed May 22 18:37:14 MDT 2024
  **** IP Build 5075265 on Wed May 22 21:45:21 MDT 2024
  **** SharedData Build 5076995 on Wed May 22 18:29:18 MDT 2024
  **** Start of session at: Tue Oct 29 13:41:39 2024
    ** Copyright 1986-2022 Xilinx, Inc. All Rights Reserved.
    ** Copyright 2022-2024 Advanced Micro Devices, Inc. All Rights Reserved.

source system.tcl -notrace
create_project: Time (s): cpu = 00:00:09 ; elapsed = 00:00:13 . Memory (MB): peak = 515.703 ; gain = 221.773
Command: read_checkpoint -auto_incremental -incremental C:/Users/OarChula/Documents/GitHub/2110363-HWSynLab/lab06/lab06.srcs/utils_1/imports/synth_1/system.dcp
INFO: [Vivado 12-5825] Read reference checkpoint from C:/Users/OarChula/Documents/GitHub/2110363-HWSynLab/lab06/lab06.srcs/utils_1/imports/synth_1/system.dcp for incremental synthesis
INFO: [Vivado 12-7989] Please ensure there are no constraint changes
Command: synth_design -top system -part xc7a35tcpg236-1
Starting synth_design
Attempting to get a license for feature 'Synthesis' and/or device 'xc7a35t'
INFO: [Common 17-349] Got license for feature 'Synthesis' and/or device 'xc7a35t'
INFO: [Device 21-403] Loading part xc7a35tcpg236-1
INFO: [Device 21-9227] Part: xc7a35tcpg236-1 does not have CEAM library.
INFO: [Designutils 20-5440] No compile time benefit to using incremental synthesis; A full resynthesis will be run
INFO: [Designutils 20-4379] Flow is switching to default flow due to incremental criteria not met. If you would like to alter this behaviour and have the flow terminate instead, please set the following parameter config_implementation {autoIncr.Synth.RejectBehavior Terminate}
INFO: [Synth 8-7079] Multithreading enabled for synth_design using a maximum of 2 processes.
INFO: [Synth 8-7078] Launching helper process for spawning children vivado processes
INFO: [Synth 8-7075] Helper process launched with PID 6488
---------------------------------------------------------------------------------
Starting RTL Elaboration : Time (s): cpu = 00:00:09 ; elapsed = 00:00:13 . Memory (MB): peak = 1369.852 ; gain = 448.309
---------------------------------------------------------------------------------
INFO: [Synth 8-6157] synthesizing module 'system' [C:/Users/OarChula/Documents/GitHub/2110363-HWSynLab/lab06/lab06.srcs/sources_1/new/system.v:23]
INFO: [Synth 8-6157] synthesizing module 'uart' [C:/Users/OarChula/Documents/GitHub/2110363-HWSynLab/lab06/lab06.srcs/sources_1/new/uart.v:22]
INFO: [Synth 8-6157] synthesizing module 'baudrate_gen' [C:/Users/OarChula/Documents/GitHub/2110363-HWSynLab/lab06/lab06.srcs/sources_1/new/baudrate_gen.v:23]
INFO: [Synth 8-6155] done synthesizing module 'baudrate_gen' (0#1) [C:/Users/OarChula/Documents/GitHub/2110363-HWSynLab/lab06/lab06.srcs/sources_1/new/baudrate_gen.v:23]
INFO: [Synth 8-6157] synthesizing module 'uart_rx' [C:/Users/OarChula/Documents/GitHub/2110363-HWSynLab/lab06/lab06.srcs/sources_1/new/uart_rx.v:23]
INFO: [Synth 8-155] case statement is not full and has no default [C:/Users/OarChula/Documents/GitHub/2110363-HWSynLab/lab06/lab06.srcs/sources_1/new/uart_rx.v:45]
INFO: [Synth 8-6155] done synthesizing module 'uart_rx' (0#1) [C:/Users/OarChula/Documents/GitHub/2110363-HWSynLab/lab06/lab06.srcs/sources_1/new/uart_rx.v:23]
INFO: [Synth 8-6157] synthesizing module 'uart_tx' [C:/Users/OarChula/Documents/GitHub/2110363-HWSynLab/lab06/lab06.srcs/sources_1/new/uart_tx.v:22]
INFO: [Synth 8-155] case statement is not full and has no default [C:/Users/OarChula/Documents/GitHub/2110363-HWSynLab/lab06/lab06.srcs/sources_1/new/uart_tx.v:49]
INFO: [Synth 8-6155] done synthesizing module 'uart_tx' (0#1) [C:/Users/OarChula/Documents/GitHub/2110363-HWSynLab/lab06/lab06.srcs/sources_1/new/uart_tx.v:22]
INFO: [Synth 8-6157] synthesizing module 'hexTo7Segment' [C:/Users/OarChula/Documents/GitHub/2110363-HWSynLab/lab06/lab06.srcs/sources_1/new/hexTo7Segment.v:23]
INFO: [Synth 8-6155] done synthesizing module 'hexTo7Segment' (0#1) [C:/Users/OarChula/Documents/GitHub/2110363-HWSynLab/lab06/lab06.srcs/sources_1/new/hexTo7Segment.v:23]
INFO: [Synth 8-6155] done synthesizing module 'uart' (0#1) [C:/Users/OarChula/Documents/GitHub/2110363-HWSynLab/lab06/lab06.srcs/sources_1/new/uart.v:22]
INFO: [Synth 8-6155] done synthesizing module 'system' (0#1) [C:/Users/OarChula/Documents/GitHub/2110363-HWSynLab/lab06/lab06.srcs/sources_1/new/system.v:23]
WARNING: [Synth 8-3917] design system has port an[3] driven by constant 1
WARNING: [Synth 8-3917] design system has port an[2] driven by constant 1
WARNING: [Synth 8-3917] design system has port an[1] driven by constant 1
WARNING: [Synth 8-3917] design system has port an[0] driven by constant 0
WARNING: [Synth 8-3917] design system has port dp driven by constant 1
---------------------------------------------------------------------------------
Finished RTL Elaboration : Time (s): cpu = 00:00:11 ; elapsed = 00:00:16 . Memory (MB): peak = 1480.793 ; gain = 559.250
---------------------------------------------------------------------------------
---------------------------------------------------------------------------------
Start Handling Custom Attributes
---------------------------------------------------------------------------------
---------------------------------------------------------------------------------
Finished Handling Custom Attributes : Time (s): cpu = 00:00:12 ; elapsed = 00:00:17 . Memory (MB): peak = 1480.793 ; gain = 559.250
---------------------------------------------------------------------------------
---------------------------------------------------------------------------------
Finished RTL Optimization Phase 1 : Time (s): cpu = 00:00:12 ; elapsed = 00:00:17 . Memory (MB): peak = 1480.793 ; gain = 559.250
---------------------------------------------------------------------------------
Netlist sorting complete. Time (s): cpu = 00:00:00 ; elapsed = 00:00:00.002 . Memory (MB): peak = 1480.793 ; gain = 0.000
INFO: [Project 1-570] Preparing netlist for logic optimization

Processing XDC Constraints
Initializing timing engine
Parsing XDC File [C:/Users/OarChula/Documents/GitHub/2110363-HWSynLab/lab06/lab06.srcs/constrs_1/new/Basys3_Master.xdc]
WARNING: [Vivado 12-584] No ports matched 'sw[0]'. [C:/Users/OarChula/Documents/GitHub/2110363-HWSynLab/lab06/lab06.srcs/constrs_1/new/Basys3_Master.xdc:12]
CRITICAL WARNING: [Common 17-55] 'set_property' expects at least one object. [C:/Users/OarChula/Documents/GitHub/2110363-HWSynLab/lab06/lab06.srcs/constrs_1/new/Basys3_Master.xdc:12]
Resolution: If [get_<value>] was used to populate the object, check to make sure this command returns at least one valid object.
WARNING: [Vivado 12-584] No ports matched 'sw[0]'. [C:/Users/OarChula/Documents/GitHub/2110363-HWSynLab/lab06/lab06.srcs/constrs_1/new/Basys3_Master.xdc:13]
CRITICAL WARNING: [Common 17-55] 'set_property' expects at least one object. [C:/Users/OarChula/Documents/GitHub/2110363-HWSynLab/lab06/lab06.srcs/constrs_1/new/Basys3_Master.xdc:13]
Resolution: If [get_<value>] was used to populate the object, check to make sure this command returns at least one valid object.
WARNING: [Vivado 12-584] No ports matched 'sw[1]'. [C:/Users/OarChula/Documents/GitHub/2110363-HWSynLab/lab06/lab06.srcs/constrs_1/new/Basys3_Master.xdc:14]
CRITICAL WARNING: [Common 17-55] 'set_property' expects at least one object. [C:/Users/OarChula/Documents/GitHub/2110363-HWSynLab/lab06/lab06.srcs/constrs_1/new/Basys3_Master.xdc:14]
Resolution: If [get_<value>] was used to populate the object, check to make sure this command returns at least one valid object.
WARNING: [Vivado 12-584] No ports matched 'sw[1]'. [C:/Users/OarChula/Documents/GitHub/2110363-HWSynLab/lab06/lab06.srcs/constrs_1/new/Basys3_Master.xdc:15]
CRITICAL WARNING: [Common 17-55] 'set_property' expects at least one object. [C:/Users/OarChula/Documents/GitHub/2110363-HWSynLab/lab06/lab06.srcs/constrs_1/new/Basys3_Master.xdc:15]
Resolution: If [get_<value>] was used to populate the object, check to make sure this command returns at least one valid object.
WARNING: [Vivado 12-584] No ports matched 'sw[2]'. [C:/Users/OarChula/Documents/GitHub/2110363-HWSynLab/lab06/lab06.srcs/constrs_1/new/Basys3_Master.xdc:16]
CRITICAL WARNING: [Common 17-55] 'set_property' expects at least one object. [C:/Users/OarChula/Documents/GitHub/2110363-HWSynLab/lab06/lab06.srcs/constrs_1/new/Basys3_Master.xdc:16]
Resolution: If [get_<value>] was used to populate the object, check to make sure this command returns at least one valid object.
WARNING: [Vivado 12-584] No ports matched 'sw[2]'. [C:/Users/OarChula/Documents/GitHub/2110363-HWSynLab/lab06/lab06.srcs/constrs_1/new/Basys3_Master.xdc:17]
CRITICAL WARNING: [Common 17-55] 'set_property' expects at least one object. [C:/Users/OarChula/Documents/GitHub/2110363-HWSynLab/lab06/lab06.srcs/constrs_1/new/Basys3_Master.xdc:17]
Resolution: If [get_<value>] was used to populate the object, check to make sure this command returns at least one valid object.
WARNING: [Vivado 12-584] No ports matched 'sw[3]'. [C:/Users/OarChula/Documents/GitHub/2110363-HWSynLab/lab06/lab06.srcs/constrs_1/new/Basys3_Master.xdc:18]
CRITICAL WARNING: [Common 17-55] 'set_property' expects at least one object. [C:/Users/OarChula/Documents/GitHub/2110363-HWSynLab/lab06/lab06.srcs/constrs_1/new/Basys3_Master.xdc:18]
Resolution: If [get_<value>] was used to populate the object, check to make sure this command returns at least one valid object.
WARNING: [Vivado 12-584] No ports matched 'sw[3]'. [C:/Users/OarChula/Documents/GitHub/2110363-HWSynLab/lab06/lab06.srcs/constrs_1/new/Basys3_Master.xdc:19]
CRITICAL WARNING: [Common 17-55] 'set_property' expects at least one object. [C:/Users/OarChula/Documents/GitHub/2110363-HWSynLab/lab06/lab06.srcs/constrs_1/new/Basys3_Master.xdc:19]
Resolution: If [get_<value>] was used to populate the object, check to make sure this command returns at least one valid object.
WARNING: [Vivado 12-584] No ports matched 'sw[4]'. [C:/Users/OarChula/Documents/GitHub/2110363-HWSynLab/lab06/lab06.srcs/constrs_1/new/Basys3_Master.xdc:20]
CRITICAL WARNING: [Common 17-55] 'set_property' expects at least one object. [C:/Users/OarChula/Documents/GitHub/2110363-HWSynLab/lab06/lab06.srcs/constrs_1/new/Basys3_Master.xdc:20]
Resolution: If [get_<value>] was used to populate the object, check to make sure this command returns at least one valid object.
WARNING: [Vivado 12-584] No ports matched 'sw[4]'. [C:/Users/OarChula/Documents/GitHub/2110363-HWSynLab/lab06/lab06.srcs/constrs_1/new/Basys3_Master.xdc:21]
CRITICAL WARNING: [Common 17-55] 'set_property' expects at least one object. [C:/Users/OarChula/Documents/GitHub/2110363-HWSynLab/lab06/lab06.srcs/constrs_1/new/Basys3_Master.xdc:21]
Resolution: If [get_<value>] was used to populate the object, check to make sure this command returns at least one valid object.
WARNING: [Vivado 12-584] No ports matched 'sw[5]'. [C:/Users/OarChula/Documents/GitHub/2110363-HWSynLab/lab06/lab06.srcs/constrs_1/new/Basys3_Master.xdc:22]
CRITICAL WARNING: [Common 17-55] 'set_property' expects at least one object. [C:/Users/OarChula/Documents/GitHub/2110363-HWSynLab/lab06/lab06.srcs/constrs_1/new/Basys3_Master.xdc:22]
Resolution: If [get_<value>] was used to populate the object, check to make sure this command returns at least one valid object.
WARNING: [Vivado 12-584] No ports matched 'sw[5]'. [C:/Users/OarChula/Documents/GitHub/2110363-HWSynLab/lab06/lab06.srcs/constrs_1/new/Basys3_Master.xdc:23]
CRITICAL WARNING: [Common 17-55] 'set_property' expects at least one object. [C:/Users/OarChula/Documents/GitHub/2110363-HWSynLab/lab06/lab06.srcs/constrs_1/new/Basys3_Master.xdc:23]
Resolution: If [get_<value>] was used to populate the object, check to make sure this command returns at least one valid object.
WARNING: [Vivado 12-584] No ports matched 'sw[6]'. [C:/Users/OarChula/Documents/GitHub/2110363-HWSynLab/lab06/lab06.srcs/constrs_1/new/Basys3_Master.xdc:24]
CRITICAL WARNING: [Common 17-55] 'set_property' expects at least one object. [C:/Users/OarChula/Documents/GitHub/2110363-HWSynLab/lab06/lab06.srcs/constrs_1/new/Basys3_Master.xdc:24]
Resolution: If [get_<value>] was used to populate the object, check to make sure this command returns at least one valid object.
WARNING: [Vivado 12-584] No ports matched 'sw[6]'. [C:/Users/OarChula/Documents/GitHub/2110363-HWSynLab/lab06/lab06.srcs/constrs_1/new/Basys3_Master.xdc:25]
CRITICAL WARNING: [Common 17-55] 'set_property' expects at least one object. [C:/Users/OarChula/Documents/GitHub/2110363-HWSynLab/lab06/lab06.srcs/constrs_1/new/Basys3_Master.xdc:25]
Resolution: If [get_<value>] was used to populate the object, check to make sure this command returns at least one valid object.
WARNING: [Vivado 12-584] No ports matched 'sw[7]'. [C:/Users/OarChula/Documents/GitHub/2110363-HWSynLab/lab06/lab06.srcs/constrs_1/new/Basys3_Master.xdc:26]
CRITICAL WARNING: [Common 17-55] 'set_property' expects at least one object. [C:/Users/OarChula/Documents/GitHub/2110363-HWSynLab/lab06/lab06.srcs/constrs_1/new/Basys3_Master.xdc:26]
Resolution: If [get_<value>] was used to populate the object, check to make sure this command returns at least one valid object.
WARNING: [Vivado 12-584] No ports matched 'sw[7]'. [C:/Users/OarChula/Documents/GitHub/2110363-HWSynLab/lab06/lab06.srcs/constrs_1/new/Basys3_Master.xdc:27]
CRITICAL WARNING: [Common 17-55] 'set_property' expects at least one object. [C:/Users/OarChula/Documents/GitHub/2110363-HWSynLab/lab06/lab06.srcs/constrs_1/new/Basys3_Master.xdc:27]
Resolution: If [get_<value>] was used to populate the object, check to make sure this command returns at least one valid object.
WARNING: [Vivado 12-584] No ports matched 'sw[8]'. [C:/Users/OarChula/Documents/GitHub/2110363-HWSynLab/lab06/lab06.srcs/constrs_1/new/Basys3_Master.xdc:28]
CRITICAL WARNING: [Common 17-55] 'set_property' expects at least one object. [C:/Users/OarChula/Documents/GitHub/2110363-HWSynLab/lab06/lab06.srcs/constrs_1/new/Basys3_Master.xdc:28]
Resolution: If [get_<value>] was used to populate the object, check to make sure this command returns at least one valid object.
WARNING: [Vivado 12-584] No ports matched 'sw[8]'. [C:/Users/OarChula/Documents/GitHub/2110363-HWSynLab/lab06/lab06.srcs/constrs_1/new/Basys3_Master.xdc:29]
CRITICAL WARNING: [Common 17-55] 'set_property' expects at least one object. [C:/Users/OarChula/Documents/GitHub/2110363-HWSynLab/lab06/lab06.srcs/constrs_1/new/Basys3_Master.xdc:29]
Resolution: If [get_<value>] was used to populate the object, check to make sure this command returns at least one valid object.
WARNING: [Vivado 12-584] No ports matched 'sw[9]'. [C:/Users/OarChula/Documents/GitHub/2110363-HWSynLab/lab06/lab06.srcs/constrs_1/new/Basys3_Master.xdc:30]
CRITICAL WARNING: [Common 17-55] 'set_property' expects at least one object. [C:/Users/OarChula/Documents/GitHub/2110363-HWSynLab/lab06/lab06.srcs/constrs_1/new/Basys3_Master.xdc:30]
Resolution: If [get_<value>] was used to populate the object, check to make sure this command returns at least one valid object.
WARNING: [Vivado 12-584] No ports matched 'sw[9]'. [C:/Users/OarChula/Documents/GitHub/2110363-HWSynLab/lab06/lab06.srcs/constrs_1/new/Basys3_Master.xdc:31]
CRITICAL WARNING: [Common 17-55] 'set_property' expects at least one object. [C:/Users/OarChula/Documents/GitHub/2110363-HWSynLab/lab06/lab06.srcs/constrs_1/new/Basys3_Master.xdc:31]
Resolution: If [get_<value>] was used to populate the object, check to make sure this command returns at least one valid object.
WARNING: [Vivado 12-584] No ports matched 'sw[10]'. [C:/Users/OarChula/Documents/GitHub/2110363-HWSynLab/lab06/lab06.srcs/constrs_1/new/Basys3_Master.xdc:32]
CRITICAL WARNING: [Common 17-55] 'set_property' expects at least one object. [C:/Users/OarChula/Documents/GitHub/2110363-HWSynLab/lab06/lab06.srcs/constrs_1/new/Basys3_Master.xdc:32]
Resolution: If [get_<value>] was used to populate the object, check to make sure this command returns at least one valid object.
WARNING: [Vivado 12-584] No ports matched 'sw[10]'. [C:/Users/OarChula/Documents/GitHub/2110363-HWSynLab/lab06/lab06.srcs/constrs_1/new/Basys3_Master.xdc:33]
CRITICAL WARNING: [Common 17-55] 'set_property' expects at least one object. [C:/Users/OarChula/Documents/GitHub/2110363-HWSynLab/lab06/lab06.srcs/constrs_1/new/Basys3_Master.xdc:33]
Resolution: If [get_<value>] was used to populate the object, check to make sure this command returns at least one valid object.
WARNING: [Vivado 12-584] No ports matched 'sw[11]'. [C:/Users/OarChula/Documents/GitHub/2110363-HWSynLab/lab06/lab06.srcs/constrs_1/new/Basys3_Master.xdc:34]
CRITICAL WARNING: [Common 17-55] 'set_property' expects at least one object. [C:/Users/OarChula/Documents/GitHub/2110363-HWSynLab/lab06/lab06.srcs/constrs_1/new/Basys3_Master.xdc:34]
Resolution: If [get_<value>] was used to populate the object, check to make sure this command returns at least one valid object.
WARNING: [Vivado 12-584] No ports matched 'sw[11]'. [C:/Users/OarChula/Documents/GitHub/2110363-HWSynLab/lab06/lab06.srcs/constrs_1/new/Basys3_Master.xdc:35]
CRITICAL WARNING: [Common 17-55] 'set_property' expects at least one object. [C:/Users/OarChula/Documents/GitHub/2110363-HWSynLab/lab06/lab06.srcs/constrs_1/new/Basys3_Master.xdc:35]
Resolution: If [get_<value>] was used to populate the object, check to make sure this command returns at least one valid object.
WARNING: [Vivado 12-584] No ports matched 'sw[12]'. [C:/Users/OarChula/Documents/GitHub/2110363-HWSynLab/lab06/lab06.srcs/constrs_1/new/Basys3_Master.xdc:36]
CRITICAL WARNING: [Common 17-55] 'set_property' expects at least one object. [C:/Users/OarChula/Documents/GitHub/2110363-HWSynLab/lab06/lab06.srcs/constrs_1/new/Basys3_Master.xdc:36]
Resolution: If [get_<value>] was used to populate the object, check to make sure this command returns at least one valid object.
WARNING: [Vivado 12-584] No ports matched 'sw[12]'. [C:/Users/OarChula/Documents/GitHub/2110363-HWSynLab/lab06/lab06.srcs/constrs_1/new/Basys3_Master.xdc:37]
CRITICAL WARNING: [Common 17-55] 'set_property' expects at least one object. [C:/Users/OarChula/Documents/GitHub/2110363-HWSynLab/lab06/lab06.srcs/constrs_1/new/Basys3_Master.xdc:37]
Resolution: If [get_<value>] was used to populate the object, check to make sure this command returns at least one valid object.
WARNING: [Vivado 12-584] No ports matched 'sw[13]'. [C:/Users/OarChula/Documents/GitHub/2110363-HWSynLab/lab06/lab06.srcs/constrs_1/new/Basys3_Master.xdc:38]
CRITICAL WARNING: [Common 17-55] 'set_property' expects at least one object. [C:/Users/OarChula/Documents/GitHub/2110363-HWSynLab/lab06/lab06.srcs/constrs_1/new/Basys3_Master.xdc:38]
Resolution: If [get_<value>] was used to populate the object, check to make sure this command returns at least one valid object.
WARNING: [Vivado 12-584] No ports matched 'sw[13]'. [C:/Users/OarChula/Documents/GitHub/2110363-HWSynLab/lab06/lab06.srcs/constrs_1/new/Basys3_Master.xdc:39]
CRITICAL WARNING: [Common 17-55] 'set_property' expects at least one object. [C:/Users/OarChula/Documents/GitHub/2110363-HWSynLab/lab06/lab06.srcs/constrs_1/new/Basys3_Master.xdc:39]
Resolution: If [get_<value>] was used to populate the object, check to make sure this command returns at least one valid object.
WARNING: [Vivado 12-584] No ports matched 'sw[14]'. [C:/Users/OarChula/Documents/GitHub/2110363-HWSynLab/lab06/lab06.srcs/constrs_1/new/Basys3_Master.xdc:40]
CRITICAL WARNING: [Common 17-55] 'set_property' expects at least one object. [C:/Users/OarChula/Documents/GitHub/2110363-HWSynLab/lab06/lab06.srcs/constrs_1/new/Basys3_Master.xdc:40]
Resolution: If [get_<value>] was used to populate the object, check to make sure this command returns at least one valid object.
WARNING: [Vivado 12-584] No ports matched 'sw[14]'. [C:/Users/OarChula/Documents/GitHub/2110363-HWSynLab/lab06/lab06.srcs/constrs_1/new/Basys3_Master.xdc:41]
CRITICAL WARNING: [Common 17-55] 'set_property' expects at least one object. [C:/Users/OarChula/Documents/GitHub/2110363-HWSynLab/lab06/lab06.srcs/constrs_1/new/Basys3_Master.xdc:41]
Resolution: If [get_<value>] was used to populate the object, check to make sure this command returns at least one valid object.
WARNING: [Vivado 12-584] No ports matched 'sw[15]'. [C:/Users/OarChula/Documents/GitHub/2110363-HWSynLab/lab06/lab06.srcs/constrs_1/new/Basys3_Master.xdc:42]
CRITICAL WARNING: [Common 17-55] 'set_property' expects at least one object. [C:/Users/OarChula/Documents/GitHub/2110363-HWSynLab/lab06/lab06.srcs/constrs_1/new/Basys3_Master.xdc:42]
Resolution: If [get_<value>] was used to populate the object, check to make sure this command returns at least one valid object.
WARNING: [Vivado 12-584] No ports matched 'sw[15]'. [C:/Users/OarChula/Documents/GitHub/2110363-HWSynLab/lab06/lab06.srcs/constrs_1/new/Basys3_Master.xdc:43]
CRITICAL WARNING: [Common 17-55] 'set_property' expects at least one object. [C:/Users/OarChula/Documents/GitHub/2110363-HWSynLab/lab06/lab06.srcs/constrs_1/new/Basys3_Master.xdc:43]
Resolution: If [get_<value>] was used to populate the object, check to make sure this command returns at least one valid object.
Finished Parsing XDC File [C:/Users/OarChula/Documents/GitHub/2110363-HWSynLab/lab06/lab06.srcs/constrs_1/new/Basys3_Master.xdc]
INFO: [Project 1-236] Implementation specific constraints were found while reading constraint file [C:/Users/OarChula/Documents/GitHub/2110363-HWSynLab/lab06/lab06.srcs/constrs_1/new/Basys3_Master.xdc]. These constraints will be ignored for synthesis but will be used in implementation. Impacted constraints are listed in the file [.Xil/system_propImpl.xdc].
Resolution: To avoid this warning, move constraints listed in [.Xil/system_propImpl.xdc] to another XDC file and exclude this new file from synthesis with the used_in_synthesis property (File Properties dialog in GUI) and re-run elaboration/synthesis.
Completed Processing XDC Constraints

Netlist sorting complete. Time (s): cpu = 00:00:00 ; elapsed = 00:00:00 . Memory (MB): peak = 1577.488 ; gain = 0.000
INFO: [Project 1-111] Unisim Transformation Summary:
No Unisim elements were transformed.

Constraint Validation Runtime : Time (s): cpu = 00:00:00 ; elapsed = 00:00:00.004 . Memory (MB): peak = 1577.488 ; gain = 0.000
INFO: [Designutils 20-5440] No compile time benefit to using incremental synthesis; A full resynthesis will be run
INFO: [Designutils 20-4379] Flow is switching to default flow due to incremental criteria not met. If you would like to alter this behaviour and have the flow terminate instead, please set the following parameter config_implementation {autoIncr.Synth.RejectBehavior Terminate}
---------------------------------------------------------------------------------
Finished Constraint Validation : Time (s): cpu = 00:00:21 ; elapsed = 00:00:32 . Memory (MB): peak = 1577.488 ; gain = 655.945
---------------------------------------------------------------------------------
---------------------------------------------------------------------------------
Start Loading Part and Timing Information
---------------------------------------------------------------------------------
Loading part: xc7a35tcpg236-1
---------------------------------------------------------------------------------
Finished Loading Part and Timing Information : Time (s): cpu = 00:00:21 ; elapsed = 00:00:32 . Memory (MB): peak = 1577.488 ; gain = 655.945
---------------------------------------------------------------------------------
---------------------------------------------------------------------------------
Start Applying 'set_property' XDC Constraints
---------------------------------------------------------------------------------
---------------------------------------------------------------------------------
Finished applying 'set_property' XDC Constraints : Time (s): cpu = 00:00:21 ; elapsed = 00:00:32 . Memory (MB): peak = 1577.488 ; gain = 655.945
---------------------------------------------------------------------------------
---------------------------------------------------------------------------------
Finished RTL Optimization Phase 2 : Time (s): cpu = 00:00:21 ; elapsed = 00:00:33 . Memory (MB): peak = 1577.488 ; gain = 655.945
---------------------------------------------------------------------------------
---------------------------------------------------------------------------------
Start RTL Component Statistics 
---------------------------------------------------------------------------------
Detailed RTL Component Info : 
+---Adders : 
	   2 Input   32 Bit       Adders := 1     
	   2 Input    8 Bit       Adders := 2     
+---Registers : 
	                8 Bit    Registers := 5     
	                1 Bit    Registers := 10    
---------------------------------------------------------------------------------
Finished RTL Component Statistics 
---------------------------------------------------------------------------------
---------------------------------------------------------------------------------
Start Part Resource Summary
---------------------------------------------------------------------------------
Part Resources:
DSPs: 90 (col length:60)
BRAMs: 100 (col length: RAMB18 60 RAMB36 30)
---------------------------------------------------------------------------------
Finished Part Resource Summary
---------------------------------------------------------------------------------
---------------------------------------------------------------------------------
Start Cross Boundary and Area Optimization
---------------------------------------------------------------------------------
WARNING: [Synth 8-7080] Parallel synthesis criteria is not met
WARNING: [Synth 8-3917] design system has port an[3] driven by constant 1
WARNING: [Synth 8-3917] design system has port an[2] driven by constant 1
WARNING: [Synth 8-3917] design system has port an[1] driven by constant 1
WARNING: [Synth 8-3917] design system has port an[0] driven by constant 0
WARNING: [Synth 8-3917] design system has port dp driven by constant 1
---------------------------------------------------------------------------------
Finished Cross Boundary and Area Optimization : Time (s): cpu = 00:00:24 ; elapsed = 00:00:37 . Memory (MB): peak = 1577.488 ; gain = 655.945
---------------------------------------------------------------------------------
---------------------------------------------------------------------------------
Start ROM, RAM, DSP, Shift Register and Retiming Reporting
---------------------------------------------------------------------------------

ROM: Preliminary Mapping Report
+--------------+----------------------+---------------+----------------+
|Module Name   | RTL Object           | Depth x Width | Implemented As | 
+--------------+----------------------+---------------+----------------+
|hexTo7Segment | segments             | 256x7         | LUT            | 
|system        | uart/data_in_reg_rep | 256x7         | Block RAM      | 
+--------------+----------------------+---------------+----------------+

---------------------------------------------------------------------------------
Finished ROM, RAM, DSP, Shift Register and Retiming Reporting
---------------------------------------------------------------------------------
---------------------------------------------------------------------------------
Start Applying XDC Timing Constraints
---------------------------------------------------------------------------------
---------------------------------------------------------------------------------
Finished Applying XDC Timing Constraints : Time (s): cpu = 00:00:32 ; elapsed = 00:00:48 . Memory (MB): peak = 1577.488 ; gain = 655.945
---------------------------------------------------------------------------------
---------------------------------------------------------------------------------
Start Timing Optimization
---------------------------------------------------------------------------------
---------------------------------------------------------------------------------
Finished Timing Optimization : Time (s): cpu = 00:00:32 ; elapsed = 00:00:49 . Memory (MB): peak = 1577.488 ; gain = 655.945
---------------------------------------------------------------------------------
---------------------------------------------------------------------------------
Start Technology Mapping
---------------------------------------------------------------------------------
INFO: [Synth 8-7052] The timing for the instance uart/data_in_reg_rep (implemented as a Block RAM) might be sub-optimal as no optional output register could be merged into the ram block. Providing additional output register may help in improving timing.
---------------------------------------------------------------------------------
Finished Technology Mapping : Time (s): cpu = 00:00:32 ; elapsed = 00:00:49 . Memory (MB): peak = 1577.488 ; gain = 655.945
---------------------------------------------------------------------------------
---------------------------------------------------------------------------------
Start IO Insertion
---------------------------------------------------------------------------------
---------------------------------------------------------------------------------
Start Flattening Before IO Insertion
---------------------------------------------------------------------------------
---------------------------------------------------------------------------------
Finished Flattening Before IO Insertion
---------------------------------------------------------------------------------
---------------------------------------------------------------------------------
Start Final Netlist Cleanup
---------------------------------------------------------------------------------
---------------------------------------------------------------------------------
Finished Final Netlist Cleanup
---------------------------------------------------------------------------------
---------------------------------------------------------------------------------
Finished IO Insertion : Time (s): cpu = 00:00:39 ; elapsed = 00:00:59 . Memory (MB): peak = 1577.488 ; gain = 655.945
---------------------------------------------------------------------------------
---------------------------------------------------------------------------------
Start Renaming Generated Instances
---------------------------------------------------------------------------------
---------------------------------------------------------------------------------
Finished Renaming Generated Instances : Time (s): cpu = 00:00:39 ; elapsed = 00:00:59 . Memory (MB): peak = 1577.488 ; gain = 655.945
---------------------------------------------------------------------------------
---------------------------------------------------------------------------------
Start Rebuilding User Hierarchy
---------------------------------------------------------------------------------
---------------------------------------------------------------------------------
Finished Rebuilding User Hierarchy : Time (s): cpu = 00:00:39 ; elapsed = 00:00:59 . Memory (MB): peak = 1577.488 ; gain = 655.945
---------------------------------------------------------------------------------
---------------------------------------------------------------------------------
Start Renaming Generated Ports
---------------------------------------------------------------------------------
---------------------------------------------------------------------------------
Finished Renaming Generated Ports : Time (s): cpu = 00:00:39 ; elapsed = 00:00:59 . Memory (MB): peak = 1577.488 ; gain = 655.945
---------------------------------------------------------------------------------
---------------------------------------------------------------------------------
Start Handling Custom Attributes
---------------------------------------------------------------------------------
---------------------------------------------------------------------------------
Finished Handling Custom Attributes : Time (s): cpu = 00:00:39 ; elapsed = 00:00:59 . Memory (MB): peak = 1577.488 ; gain = 655.945
---------------------------------------------------------------------------------
---------------------------------------------------------------------------------
Start Renaming Generated Nets
---------------------------------------------------------------------------------
---------------------------------------------------------------------------------
Finished Renaming Generated Nets : Time (s): cpu = 00:00:39 ; elapsed = 00:00:59 . Memory (MB): peak = 1577.488 ; gain = 655.945
---------------------------------------------------------------------------------
---------------------------------------------------------------------------------
Start Writing Synthesis Report
---------------------------------------------------------------------------------

Report BlackBoxes: 
+-+--------------+----------+
| |BlackBox name |Instances |
+-+--------------+----------+
+-+--------------+----------+

Report Cell Usage: 
+------+---------+------+
|      |Cell     |Count |
+------+---------+------+
|1     |BUFG     |     2|
|2     |CARRY4   |    16|
|3     |LUT1     |     5|
|4     |LUT2     |     9|
|5     |LUT3     |     6|
|6     |LUT4     |     4|
|7     |LUT5     |    10|
|8     |LUT6     |    23|
|9     |MUXF7    |     1|
|10    |RAMB18E1 |     1|
|11    |FDRE     |    81|
|12    |IBUF     |     2|
|13    |OBUF     |    13|
+------+---------+------+
---------------------------------------------------------------------------------
Finished Writing Synthesis Report : Time (s): cpu = 00:00:39 ; elapsed = 00:00:59 . Memory (MB): peak = 1577.488 ; gain = 655.945
---------------------------------------------------------------------------------
Synthesis finished with 0 errors, 0 critical warnings and 6 warnings.
Synthesis Optimization Runtime : Time (s): cpu = 00:00:25 ; elapsed = 00:00:56 . Memory (MB): peak = 1577.488 ; gain = 559.250
Synthesis Optimization Complete : Time (s): cpu = 00:00:39 ; elapsed = 00:00:59 . Memory (MB): peak = 1577.488 ; gain = 655.945
INFO: [Project 1-571] Translating synthesized netlist
Netlist sorting complete. Time (s): cpu = 00:00:00 ; elapsed = 00:00:00.003 . Memory (MB): peak = 1577.488 ; gain = 0.000
INFO: [Netlist 29-17] Analyzing 18 Unisim elements for replacement
INFO: [Netlist 29-28] Unisim Transformation completed in 0 CPU seconds
INFO: [Project 1-570] Preparing netlist for logic optimization
INFO: [Opt 31-138] Pushed 0 inverter(s) to 0 load pin(s).
Netlist sorting complete. Time (s): cpu = 00:00:00 ; elapsed = 00:00:00 . Memory (MB): peak = 1577.488 ; gain = 0.000
INFO: [Project 1-111] Unisim Transformation Summary:
No Unisim elements were transformed.

Synth Design complete | Checksum: 9a1896fc
INFO: [Common 17-83] Releasing license: Synthesis
37 Infos, 43 Warnings, 32 Critical Warnings and 0 Errors encountered.
synth_design completed successfully
synth_design: Time (s): cpu = 00:00:46 ; elapsed = 00:01:11 . Memory (MB): peak = 1577.488 ; gain = 1057.473
INFO: [runtcl-6] Synthesis results are not added to the cache due to CRITICAL_WARNING
Write ShapeDB Complete: Time (s): cpu = 00:00:00 ; elapsed = 00:00:00.002 . Memory (MB): peak = 1577.488 ; gain = 0.000
INFO: [Common 17-1381] The checkpoint 'C:/Users/OarChula/Documents/GitHub/2110363-HWSynLab/lab06/lab06.runs/synth_1/system.dcp' has been generated.
INFO: [Vivado 12-24828] Executing command : report_utilization -file system_utilization_synth.rpt -pb system_utilization_synth.pb
INFO: [Common 17-206] Exiting Vivado at Tue Oct 29 13:43:06 2024...
