
*** Running vivado
    with args -log nano_sc_system.vds -m64 -product Vivado -mode batch -messageDb vivado.pb -notrace -source nano_sc_system.tcl



****** Vivado v2024.1 (64-bit)
  **** SW Build 5076996 on Wed May 22 18:37:14 MDT 2024
  **** IP Build 5075265 on Wed May 22 21:45:21 MDT 2024
  **** SharedData Build 5076995 on Wed May 22 18:29:18 MDT 2024
  **** Start of session at: Tue Oct 15 14:11:24 2024
    ** Copyright 1986-2022 Xilinx, Inc. All Rights Reserved.
    ** Copyright 2022-2024 Advanced Micro Devices, Inc. All Rights Reserved.

source nano_sc_system.tcl -notrace
create_project: Time (s): cpu = 00:00:06 ; elapsed = 00:00:09 . Memory (MB): peak = 517.359 ; gain = 225.984
Command: read_checkpoint -auto_incremental -incremental C:/Users/OarChula/Documents/GitHub/2110363-HWSynLab/lab05/lab05.srcs/utils_1/imports/synth_1/nano_sc_system.dcp
INFO: [Vivado 12-5825] Read reference checkpoint from C:/Users/OarChula/Documents/GitHub/2110363-HWSynLab/lab05/lab05.srcs/utils_1/imports/synth_1/nano_sc_system.dcp for incremental synthesis
INFO: [Vivado 12-7989] Please ensure there are no constraint changes
Command: synth_design -top nano_sc_system -part xc7a35tcpg236-1
Starting synth_design
Attempting to get a license for feature 'Synthesis' and/or device 'xc7a35t'
INFO: [Common 17-349] Got license for feature 'Synthesis' and/or device 'xc7a35t'
INFO: [Device 21-403] Loading part xc7a35tcpg236-1
INFO: [Device 21-9227] Part: xc7a35tcpg236-1 does not have CEAM library.
INFO: [Designutils 20-5440] No compile time benefit to using incremental synthesis; A full resynthesis will be run
INFO: [Designutils 20-4379] Flow is switching to default flow due to incremental criteria not met. If you would like to alter this behaviour and have the flow terminate instead, please set the following parameter config_implementation {autoIncr.Synth.RejectBehavior Terminate}
INFO: [Synth 8-7079] Multithreading enabled for synth_design using a maximum of 2 processes.
INFO: [Synth 8-7078] Launching helper process for spawning children vivado processes
INFO: [Synth 8-7075] Helper process launched with PID 7192
---------------------------------------------------------------------------------
Starting RTL Elaboration : Time (s): cpu = 00:00:05 ; elapsed = 00:00:08 . Memory (MB): peak = 1368.438 ; gain = 447.797
---------------------------------------------------------------------------------
WARNING: [Synth 8-11121] redeclaration of ANSI port 'clkDiv' is not allowed [C:/Users/OarChula/Documents/GitHub/2110363-HWSynLab/lab05/lab05.srcs/sources_1/new/clockDiv.v:28]
WARNING: [Synth 8-11121] redeclaration of ANSI port 'segments' is not allowed [C:/Users/OarChula/Documents/GitHub/2110363-HWSynLab/lab05/lab05.srcs/sources_1/new/hexTo7Segment.v:28]
INFO: [Synth 8-11241] undeclared symbol 'c_flag', assumed default net type 'wire' [C:/Users/OarChula/Documents/GitHub/2110363-HWSynLab/lab05/lab05.srcs/sources_1/new/nanocpu.v:68]
WARNING: [Synth 8-8895] 'c_flag' is already implicitly declared on line 68 [C:/Users/OarChula/Documents/GitHub/2110363-HWSynLab/lab05/lab05.srcs/sources_1/new/nanocpu.v:79]
WARNING: [Synth 8-11145] root scope declaration is not allowed in Verilog 95/2K mode [C:/Users/OarChula/Documents/GitHub/2110363-HWSynLab/lab05/lab05.srcs/sources_1/new/rom.v:9]
WARNING: [Synth 8-11145] root scope declaration is not allowed in Verilog 95/2K mode [C:/Users/OarChula/Documents/GitHub/2110363-HWSynLab/lab05/lab05.srcs/sources_1/new/rom.v:10]
INFO: [Synth 8-6157] synthesizing module 'nano_sc_system' [C:/Users/OarChula/Documents/GitHub/2110363-HWSynLab/lab05/lab05.srcs/sources_1/new/nano_sc_system.v:10]
INFO: [Synth 8-6157] synthesizing module 'nanocpu' [C:/Users/OarChula/Documents/GitHub/2110363-HWSynLab/lab05/lab05.srcs/sources_1/new/nanocpu.v:10]
INFO: [Synth 8-6157] synthesizing module 'adder' [C:/Users/OarChula/Documents/GitHub/2110363-HWSynLab/lab05/lab05.srcs/sources_1/new/adder.v:9]
	Parameter WIDTH bound to: 30 - type: integer 
INFO: [Synth 8-6155] done synthesizing module 'adder' (0#1) [C:/Users/OarChula/Documents/GitHub/2110363-HWSynLab/lab05/lab05.srcs/sources_1/new/adder.v:9]
INFO: [Synth 8-6157] synthesizing module 'mux2_1' [C:/Users/OarChula/Documents/GitHub/2110363-HWSynLab/lab05/lab05.srcs/sources_1/new/mux.v:9]
	Parameter WIDTH bound to: 30 - type: integer 
INFO: [Synth 8-6155] done synthesizing module 'mux2_1' (0#1) [C:/Users/OarChula/Documents/GitHub/2110363-HWSynLab/lab05/lab05.srcs/sources_1/new/mux.v:9]
INFO: [Synth 8-6157] synthesizing module 'extender' [C:/Users/OarChula/Documents/GitHub/2110363-HWSynLab/lab05/lab05.srcs/sources_1/new/extender.v:10]
INFO: [Synth 8-6155] done synthesizing module 'extender' (0#1) [C:/Users/OarChula/Documents/GitHub/2110363-HWSynLab/lab05/lab05.srcs/sources_1/new/extender.v:10]
INFO: [Synth 8-6157] synthesizing module 'mux2_1__parameterized0' [C:/Users/OarChula/Documents/GitHub/2110363-HWSynLab/lab05/lab05.srcs/sources_1/new/mux.v:9]
	Parameter WIDTH bound to: 5 - type: integer 
INFO: [Synth 8-6155] done synthesizing module 'mux2_1__parameterized0' (0#1) [C:/Users/OarChula/Documents/GitHub/2110363-HWSynLab/lab05/lab05.srcs/sources_1/new/mux.v:9]
INFO: [Synth 8-6157] synthesizing module 'regfile' [C:/Users/OarChula/Documents/GitHub/2110363-HWSynLab/lab05/lab05.srcs/sources_1/new/regfile.v:9]
WARNING: [Synth 8-11581] system function call 'time' not supported [C:/Users/OarChula/Documents/GitHub/2110363-HWSynLab/lab05/lab05.srcs/sources_1/new/regfile.v:34]
INFO: [Synth 8-251] 0 - A(REG[x]) -  xxxxxxxx, B(REG[x]) -  xxxxxxxx
 [C:/Users/OarChula/Documents/GitHub/2110363-HWSynLab/lab05/lab05.srcs/sources_1/new/regfile.v:34]
INFO: [Synth 8-6155] done synthesizing module 'regfile' (0#1) [C:/Users/OarChula/Documents/GitHub/2110363-HWSynLab/lab05/lab05.srcs/sources_1/new/regfile.v:9]
INFO: [Synth 8-6157] synthesizing module 'mux2_1__parameterized1' [C:/Users/OarChula/Documents/GitHub/2110363-HWSynLab/lab05/lab05.srcs/sources_1/new/mux.v:9]
INFO: [Synth 8-6155] done synthesizing module 'mux2_1__parameterized1' (0#1) [C:/Users/OarChula/Documents/GitHub/2110363-HWSynLab/lab05/lab05.srcs/sources_1/new/mux.v:9]
INFO: [Synth 8-6157] synthesizing module 'alu' [C:/Users/OarChula/Documents/GitHub/2110363-HWSynLab/lab05/lab05.srcs/sources_1/new/alu.v:23]
INFO: [Synth 8-6155] done synthesizing module 'alu' (0#1) [C:/Users/OarChula/Documents/GitHub/2110363-HWSynLab/lab05/lab05.srcs/sources_1/new/alu.v:23]
INFO: [Synth 8-6157] synthesizing module 'control' [C:/Users/OarChula/Documents/GitHub/2110363-HWSynLab/lab05/lab05.srcs/sources_1/new/control.v:10]
WARNING: [Synth 8-567] referenced signal 'opcode' should be on the sensitivity list [C:/Users/OarChula/Documents/GitHub/2110363-HWSynLab/lab05/lab05.srcs/sources_1/new/control.v:109]
WARNING: [Synth 8-567] referenced signal 'reserved' should be on the sensitivity list [C:/Users/OarChula/Documents/GitHub/2110363-HWSynLab/lab05/lab05.srcs/sources_1/new/control.v:109]
INFO: [Synth 8-6155] done synthesizing module 'control' (0#1) [C:/Users/OarChula/Documents/GitHub/2110363-HWSynLab/lab05/lab05.srcs/sources_1/new/control.v:10]
INFO: [Synth 8-6155] done synthesizing module 'nanocpu' (0#1) [C:/Users/OarChula/Documents/GitHub/2110363-HWSynLab/lab05/lab05.srcs/sources_1/new/nanocpu.v:10]
INFO: [Synth 8-6157] synthesizing module 'rom' [C:/Users/OarChula/Documents/GitHub/2110363-HWSynLab/lab05/lab05.srcs/sources_1/new/rom.v:12]
INFO: [Synth 8-3876] $readmem data file 'prog.list' is read successfully [C:/Users/OarChula/Documents/GitHub/2110363-HWSynLab/lab05/lab05.srcs/sources_1/new/rom.v:22]
INFO: [Synth 8-6155] done synthesizing module 'rom' (0#1) [C:/Users/OarChula/Documents/GitHub/2110363-HWSynLab/lab05/lab05.srcs/sources_1/new/rom.v:12]
INFO: [Synth 8-6157] synthesizing module 'memory' [C:/Users/OarChula/Documents/GitHub/2110363-HWSynLab/lab05/lab05.srcs/sources_1/new/memory.v:10]
INFO: [Synth 8-6157] synthesizing module 'clockDiv' [C:/Users/OarChula/Documents/GitHub/2110363-HWSynLab/lab05/lab05.srcs/sources_1/new/clockDiv.v:23]
INFO: [Synth 8-6155] done synthesizing module 'clockDiv' (0#1) [C:/Users/OarChula/Documents/GitHub/2110363-HWSynLab/lab05/lab05.srcs/sources_1/new/clockDiv.v:23]
INFO: [Synth 8-3876] $readmem data file 'data.list' is read successfully [C:/Users/OarChula/Documents/GitHub/2110363-HWSynLab/lab05/lab05.srcs/sources_1/new/memory.v:51]
INFO: [Synth 8-6157] synthesizing module 'quadSevenSeg' [C:/Users/OarChula/Documents/GitHub/2110363-HWSynLab/lab05/lab05.srcs/sources_1/new/quadSevenSeg.v:23]
INFO: [Synth 8-6157] synthesizing module 'hexTo7Segment' [C:/Users/OarChula/Documents/GitHub/2110363-HWSynLab/lab05/lab05.srcs/sources_1/new/hexTo7Segment.v:23]
INFO: [Synth 8-6155] done synthesizing module 'hexTo7Segment' (0#1) [C:/Users/OarChula/Documents/GitHub/2110363-HWSynLab/lab05/lab05.srcs/sources_1/new/hexTo7Segment.v:23]
WARNING: [Synth 8-567] referenced signal 'num0' should be on the sensitivity list [C:/Users/OarChula/Documents/GitHub/2110363-HWSynLab/lab05/lab05.srcs/sources_1/new/quadSevenSeg.v:65]
WARNING: [Synth 8-567] referenced signal 'num1' should be on the sensitivity list [C:/Users/OarChula/Documents/GitHub/2110363-HWSynLab/lab05/lab05.srcs/sources_1/new/quadSevenSeg.v:65]
WARNING: [Synth 8-567] referenced signal 'num2' should be on the sensitivity list [C:/Users/OarChula/Documents/GitHub/2110363-HWSynLab/lab05/lab05.srcs/sources_1/new/quadSevenSeg.v:65]
WARNING: [Synth 8-567] referenced signal 'num3' should be on the sensitivity list [C:/Users/OarChula/Documents/GitHub/2110363-HWSynLab/lab05/lab05.srcs/sources_1/new/quadSevenSeg.v:65]
INFO: [Synth 8-6155] done synthesizing module 'quadSevenSeg' (0#1) [C:/Users/OarChula/Documents/GitHub/2110363-HWSynLab/lab05/lab05.srcs/sources_1/new/quadSevenSeg.v:23]
WARNING: [Synth 8-567] referenced signal 'num0' should be on the sensitivity list [C:/Users/OarChula/Documents/GitHub/2110363-HWSynLab/lab05/lab05.srcs/sources_1/new/memory.v:54]
WARNING: [Synth 8-567] referenced signal 'num1' should be on the sensitivity list [C:/Users/OarChula/Documents/GitHub/2110363-HWSynLab/lab05/lab05.srcs/sources_1/new/memory.v:54]
WARNING: [Synth 8-567] referenced signal 'num2' should be on the sensitivity list [C:/Users/OarChula/Documents/GitHub/2110363-HWSynLab/lab05/lab05.srcs/sources_1/new/memory.v:54]
WARNING: [Synth 8-567] referenced signal 'num3' should be on the sensitivity list [C:/Users/OarChula/Documents/GitHub/2110363-HWSynLab/lab05/lab05.srcs/sources_1/new/memory.v:54]
WARNING: [Synth 8-567] referenced signal 'sw' should be on the sensitivity list [C:/Users/OarChula/Documents/GitHub/2110363-HWSynLab/lab05/lab05.srcs/sources_1/new/memory.v:54]
INFO: [Synth 8-6155] done synthesizing module 'memory' (0#1) [C:/Users/OarChula/Documents/GitHub/2110363-HWSynLab/lab05/lab05.srcs/sources_1/new/memory.v:10]
INFO: [Synth 8-6155] done synthesizing module 'nano_sc_system' (0#1) [C:/Users/OarChula/Documents/GitHub/2110363-HWSynLab/lab05/lab05.srcs/sources_1/new/nano_sc_system.v:10]
WARNING: [Synth 8-6014] Unused sequential element z_flag_reg was removed.  [C:/Users/OarChula/Documents/GitHub/2110363-HWSynLab/lab05/lab05.srcs/sources_1/new/nanocpu.v:81]
---------------------------------------------------------------------------------
Finished RTL Elaboration : Time (s): cpu = 00:00:07 ; elapsed = 00:00:11 . Memory (MB): peak = 1482.688 ; gain = 562.047
---------------------------------------------------------------------------------
---------------------------------------------------------------------------------
Start Handling Custom Attributes
---------------------------------------------------------------------------------
---------------------------------------------------------------------------------
Finished Handling Custom Attributes : Time (s): cpu = 00:00:07 ; elapsed = 00:00:11 . Memory (MB): peak = 1482.688 ; gain = 562.047
---------------------------------------------------------------------------------
---------------------------------------------------------------------------------
Finished RTL Optimization Phase 1 : Time (s): cpu = 00:00:07 ; elapsed = 00:00:11 . Memory (MB): peak = 1482.688 ; gain = 562.047
---------------------------------------------------------------------------------
Netlist sorting complete. Time (s): cpu = 00:00:00 ; elapsed = 00:00:00.017 . Memory (MB): peak = 1482.688 ; gain = 0.000
INFO: [Project 1-570] Preparing netlist for logic optimization

Processing XDC Constraints
Initializing timing engine
Parsing XDC File [C:/Users/OarChula/Documents/GitHub/2110363-HWSynLab/lab05/Basys3_Master.xdc]
WARNING: [Vivado 12-584] No ports matched 'sw[12]'. [C:/Users/OarChula/Documents/GitHub/2110363-HWSynLab/lab05/Basys3_Master.xdc:36]
CRITICAL WARNING: [Common 17-55] 'set_property' expects at least one object. [C:/Users/OarChula/Documents/GitHub/2110363-HWSynLab/lab05/Basys3_Master.xdc:36]
Resolution: If [get_<value>] was used to populate the object, check to make sure this command returns at least one valid object.
WARNING: [Vivado 12-584] No ports matched 'sw[12]'. [C:/Users/OarChula/Documents/GitHub/2110363-HWSynLab/lab05/Basys3_Master.xdc:37]
CRITICAL WARNING: [Common 17-55] 'set_property' expects at least one object. [C:/Users/OarChula/Documents/GitHub/2110363-HWSynLab/lab05/Basys3_Master.xdc:37]
Resolution: If [get_<value>] was used to populate the object, check to make sure this command returns at least one valid object.
WARNING: [Vivado 12-584] No ports matched 'sw[13]'. [C:/Users/OarChula/Documents/GitHub/2110363-HWSynLab/lab05/Basys3_Master.xdc:38]
CRITICAL WARNING: [Common 17-55] 'set_property' expects at least one object. [C:/Users/OarChula/Documents/GitHub/2110363-HWSynLab/lab05/Basys3_Master.xdc:38]
Resolution: If [get_<value>] was used to populate the object, check to make sure this command returns at least one valid object.
WARNING: [Vivado 12-584] No ports matched 'sw[13]'. [C:/Users/OarChula/Documents/GitHub/2110363-HWSynLab/lab05/Basys3_Master.xdc:39]
CRITICAL WARNING: [Common 17-55] 'set_property' expects at least one object. [C:/Users/OarChula/Documents/GitHub/2110363-HWSynLab/lab05/Basys3_Master.xdc:39]
Resolution: If [get_<value>] was used to populate the object, check to make sure this command returns at least one valid object.
WARNING: [Vivado 12-584] No ports matched 'sw[14]'. [C:/Users/OarChula/Documents/GitHub/2110363-HWSynLab/lab05/Basys3_Master.xdc:40]
CRITICAL WARNING: [Common 17-55] 'set_property' expects at least one object. [C:/Users/OarChula/Documents/GitHub/2110363-HWSynLab/lab05/Basys3_Master.xdc:40]
Resolution: If [get_<value>] was used to populate the object, check to make sure this command returns at least one valid object.
WARNING: [Vivado 12-584] No ports matched 'sw[14]'. [C:/Users/OarChula/Documents/GitHub/2110363-HWSynLab/lab05/Basys3_Master.xdc:41]
CRITICAL WARNING: [Common 17-55] 'set_property' expects at least one object. [C:/Users/OarChula/Documents/GitHub/2110363-HWSynLab/lab05/Basys3_Master.xdc:41]
Resolution: If [get_<value>] was used to populate the object, check to make sure this command returns at least one valid object.
WARNING: [Vivado 12-584] No ports matched 'sw[15]'. [C:/Users/OarChula/Documents/GitHub/2110363-HWSynLab/lab05/Basys3_Master.xdc:42]
CRITICAL WARNING: [Common 17-55] 'set_property' expects at least one object. [C:/Users/OarChula/Documents/GitHub/2110363-HWSynLab/lab05/Basys3_Master.xdc:42]
Resolution: If [get_<value>] was used to populate the object, check to make sure this command returns at least one valid object.
WARNING: [Vivado 12-584] No ports matched 'sw[15]'. [C:/Users/OarChula/Documents/GitHub/2110363-HWSynLab/lab05/Basys3_Master.xdc:43]
CRITICAL WARNING: [Common 17-55] 'set_property' expects at least one object. [C:/Users/OarChula/Documents/GitHub/2110363-HWSynLab/lab05/Basys3_Master.xdc:43]
Resolution: If [get_<value>] was used to populate the object, check to make sure this command returns at least one valid object.
Finished Parsing XDC File [C:/Users/OarChula/Documents/GitHub/2110363-HWSynLab/lab05/Basys3_Master.xdc]
INFO: [Project 1-236] Implementation specific constraints were found while reading constraint file [C:/Users/OarChula/Documents/GitHub/2110363-HWSynLab/lab05/Basys3_Master.xdc]. These constraints will be ignored for synthesis but will be used in implementation. Impacted constraints are listed in the file [.Xil/nano_sc_system_propImpl.xdc].
Resolution: To avoid this warning, move constraints listed in [.Xil/nano_sc_system_propImpl.xdc] to another XDC file and exclude this new file from synthesis with the used_in_synthesis property (File Properties dialog in GUI) and re-run elaboration/synthesis.
Completed Processing XDC Constraints

Netlist sorting complete. Time (s): cpu = 00:00:00 ; elapsed = 00:00:00.001 . Memory (MB): peak = 1518.461 ; gain = 0.000
INFO: [Project 1-111] Unisim Transformation Summary:
No Unisim elements were transformed.

Constraint Validation Runtime : Time (s): cpu = 00:00:00 ; elapsed = 00:00:00.004 . Memory (MB): peak = 1518.461 ; gain = 0.000
INFO: [Designutils 20-5440] No compile time benefit to using incremental synthesis; A full resynthesis will be run
INFO: [Designutils 20-4379] Flow is switching to default flow due to incremental criteria not met. If you would like to alter this behaviour and have the flow terminate instead, please set the following parameter config_implementation {autoIncr.Synth.RejectBehavior Terminate}
---------------------------------------------------------------------------------
Finished Constraint Validation : Time (s): cpu = 00:00:14 ; elapsed = 00:00:20 . Memory (MB): peak = 1518.461 ; gain = 597.820
---------------------------------------------------------------------------------
---------------------------------------------------------------------------------
Start Loading Part and Timing Information
---------------------------------------------------------------------------------
Loading part: xc7a35tcpg236-1
---------------------------------------------------------------------------------
Finished Loading Part and Timing Information : Time (s): cpu = 00:00:14 ; elapsed = 00:00:20 . Memory (MB): peak = 1518.461 ; gain = 597.820
---------------------------------------------------------------------------------
---------------------------------------------------------------------------------
Start Applying 'set_property' XDC Constraints
---------------------------------------------------------------------------------
---------------------------------------------------------------------------------
Finished applying 'set_property' XDC Constraints : Time (s): cpu = 00:00:14 ; elapsed = 00:00:21 . Memory (MB): peak = 1518.461 ; gain = 597.820
---------------------------------------------------------------------------------
---------------------------------------------------------------------------------
Finished RTL Optimization Phase 2 : Time (s): cpu = 00:00:14 ; elapsed = 00:00:21 . Memory (MB): peak = 1518.461 ; gain = 597.820
---------------------------------------------------------------------------------
---------------------------------------------------------------------------------
Start RTL Component Statistics 
---------------------------------------------------------------------------------
Detailed RTL Component Info : 
+---Adders : 
	   3 Input   33 Bit       Adders := 2     
	   2 Input   32 Bit       Adders := 1     
	   3 Input   31 Bit       Adders := 1     
	   2 Input    2 Bit       Adders := 1     
+---XORs : 
	   2 Input     32 Bit         XORs := 1     
+---Registers : 
	               32 Bit    Registers := 1     
	                4 Bit    Registers := 4     
	                2 Bit    Registers := 1     
	                1 Bit    Registers := 20    
+---RAMs : 
	             128K Bit	(32769 X 4 bit)          RAMs := 1     
	             1024 Bit	(32 X 32 bit)          RAMs := 1     
+---Muxes : 
	   3 Input   32 Bit        Muxes := 1     
	   2 Input   32 Bit        Muxes := 4     
	  41 Input   32 Bit        Muxes := 1     
	   2 Input   30 Bit        Muxes := 2     
	   2 Input    5 Bit        Muxes := 1     
	   4 Input    4 Bit        Muxes := 2     
	   2 Input    4 Bit        Muxes := 1     
	   5 Input    2 Bit        Muxes := 1     
	   8 Input    1 Bit        Muxes := 1     
	   2 Input    1 Bit        Muxes := 11    
	   4 Input    1 Bit        Muxes := 1     
	   5 Input    1 Bit        Muxes := 7     
---------------------------------------------------------------------------------
Finished RTL Component Statistics 
---------------------------------------------------------------------------------
---------------------------------------------------------------------------------
Start Part Resource Summary
---------------------------------------------------------------------------------
Part Resources:
DSPs: 90 (col length:60)
BRAMs: 100 (col length: RAMB18 60 RAMB36 30)
---------------------------------------------------------------------------------
Finished Part Resource Summary
---------------------------------------------------------------------------------
---------------------------------------------------------------------------------
Start Cross Boundary and Area Optimization
---------------------------------------------------------------------------------
WARNING: [Synth 8-7080] Parallel synthesis criteria is not met
WARNING: [Synth 8-3917] design nano_sc_system has port dp driven by constant 0
---------------------------------------------------------------------------------
Finished Cross Boundary and Area Optimization : Time (s): cpu = 00:00:20 ; elapsed = 00:00:31 . Memory (MB): peak = 1518.461 ; gain = 597.820
---------------------------------------------------------------------------------
---------------------------------------------------------------------------------
Start ROM, RAM, DSP, Shift Register and Retiming Reporting
---------------------------------------------------------------------------------

Distributed RAM: Preliminary Mapping Report (see note below)
+---------------+----------------------+-----------+----------------------+-------------------------------+
|Module Name    | RTL Object           | Inference | Size (Depth x Width) | Primitives                    | 
+---------------+----------------------+-----------+----------------------+-------------------------------+
|nano_sc_system | CPU/REGFILE/regs_reg | Implied   | 32 x 32              | RAM32M x 12                   | 
|nano_sc_system | DATAMEM/mem_reg      | Implied   | 64 K x 4             | RAM16X1S x 4 RAM256X1S x 512  | 
+---------------+----------------------+-----------+----------------------+-------------------------------+

Note: The table above is a preliminary report that shows the Distributed RAMs at the current stage of the synthesis flow. Some Distributed RAMs may be reimplemented as non Distributed RAM primitives later in the synthesis flow. Multiple instantiated RAMs are reported only once.
---------------------------------------------------------------------------------
Finished ROM, RAM, DSP, Shift Register and Retiming Reporting
---------------------------------------------------------------------------------
---------------------------------------------------------------------------------
Start Applying XDC Timing Constraints
---------------------------------------------------------------------------------
---------------------------------------------------------------------------------
Finished Applying XDC Timing Constraints : Time (s): cpu = 00:00:25 ; elapsed = 00:00:38 . Memory (MB): peak = 1518.461 ; gain = 597.820
---------------------------------------------------------------------------------
---------------------------------------------------------------------------------
Start Timing Optimization
---------------------------------------------------------------------------------
---------------------------------------------------------------------------------
Finished Timing Optimization : Time (s): cpu = 00:00:30 ; elapsed = 00:00:45 . Memory (MB): peak = 1597.270 ; gain = 676.629
---------------------------------------------------------------------------------
---------------------------------------------------------------------------------
Start ROM, RAM, DSP, Shift Register and Retiming Reporting
---------------------------------------------------------------------------------

Distributed RAM: Final Mapping Report
+---------------+----------------------+-----------+----------------------+-------------------------------+
|Module Name    | RTL Object           | Inference | Size (Depth x Width) | Primitives                    | 
+---------------+----------------------+-----------+----------------------+-------------------------------+
|nano_sc_system | CPU/REGFILE/regs_reg | Implied   | 32 x 32              | RAM32M x 12                   | 
|nano_sc_system | DATAMEM/mem_reg      | Implied   | 64 K x 4             | RAM16X1S x 4 RAM256X1S x 512  | 
+---------------+----------------------+-----------+----------------------+-------------------------------+

---------------------------------------------------------------------------------
Finished ROM, RAM, DSP, Shift Register and Retiming Reporting
---------------------------------------------------------------------------------
---------------------------------------------------------------------------------
Start Technology Mapping
---------------------------------------------------------------------------------
---------------------------------------------------------------------------------
Finished Technology Mapping : Time (s): cpu = 00:00:31 ; elapsed = 00:00:46 . Memory (MB): peak = 1598.332 ; gain = 677.691
---------------------------------------------------------------------------------
---------------------------------------------------------------------------------
Start IO Insertion
---------------------------------------------------------------------------------
---------------------------------------------------------------------------------
Start Flattening Before IO Insertion
---------------------------------------------------------------------------------
---------------------------------------------------------------------------------
Finished Flattening Before IO Insertion
---------------------------------------------------------------------------------
---------------------------------------------------------------------------------
Start Final Netlist Cleanup
---------------------------------------------------------------------------------
---------------------------------------------------------------------------------
Finished Final Netlist Cleanup
---------------------------------------------------------------------------------
---------------------------------------------------------------------------------
Finished IO Insertion : Time (s): cpu = 00:00:35 ; elapsed = 00:00:52 . Memory (MB): peak = 1598.332 ; gain = 677.691
---------------------------------------------------------------------------------
---------------------------------------------------------------------------------
Start Renaming Generated Instances
---------------------------------------------------------------------------------
---------------------------------------------------------------------------------
Finished Renaming Generated Instances : Time (s): cpu = 00:00:35 ; elapsed = 00:00:52 . Memory (MB): peak = 1598.332 ; gain = 677.691
---------------------------------------------------------------------------------
---------------------------------------------------------------------------------
Start Rebuilding User Hierarchy
---------------------------------------------------------------------------------
---------------------------------------------------------------------------------
Finished Rebuilding User Hierarchy : Time (s): cpu = 00:00:35 ; elapsed = 00:00:52 . Memory (MB): peak = 1598.332 ; gain = 677.691
---------------------------------------------------------------------------------
---------------------------------------------------------------------------------
Start Renaming Generated Ports
---------------------------------------------------------------------------------
---------------------------------------------------------------------------------
Finished Renaming Generated Ports : Time (s): cpu = 00:00:35 ; elapsed = 00:00:53 . Memory (MB): peak = 1598.332 ; gain = 677.691
---------------------------------------------------------------------------------
---------------------------------------------------------------------------------
Start Handling Custom Attributes
---------------------------------------------------------------------------------
---------------------------------------------------------------------------------
Finished Handling Custom Attributes : Time (s): cpu = 00:00:35 ; elapsed = 00:00:53 . Memory (MB): peak = 1598.332 ; gain = 677.691
---------------------------------------------------------------------------------
---------------------------------------------------------------------------------
Start Renaming Generated Nets
---------------------------------------------------------------------------------
---------------------------------------------------------------------------------
Finished Renaming Generated Nets : Time (s): cpu = 00:00:35 ; elapsed = 00:00:53 . Memory (MB): peak = 1598.332 ; gain = 677.691
---------------------------------------------------------------------------------
---------------------------------------------------------------------------------
Start Writing Synthesis Report
---------------------------------------------------------------------------------

Report BlackBoxes: 
+-+--------------+----------+
| |BlackBox name |Instances |
+-+--------------+----------+
+-+--------------+----------+

Report Cell Usage: 
+------+----------+------+
|      |Cell      |Count |
+------+----------+------+
|1     |BUFG      |     1|
|2     |CARRY4    |    28|
|3     |LUT1      |    52|
|4     |LUT2      |    43|
|5     |LUT3      |    44|
|6     |LUT4      |    83|
|7     |LUT5      |   211|
|8     |LUT6      |   237|
|9     |MUXF7     |    95|
|10    |MUXF8     |    32|
|11    |RAM16X1S  |     4|
|12    |RAM256X1S |   512|
|13    |RAM32M    |    10|
|14    |RAM32X1D  |     4|
|15    |FDRE      |    44|
|16    |IBUF      |    13|
|17    |OBUF      |    12|
+------+----------+------+
---------------------------------------------------------------------------------
Finished Writing Synthesis Report : Time (s): cpu = 00:00:35 ; elapsed = 00:00:53 . Memory (MB): peak = 1598.332 ; gain = 677.691
---------------------------------------------------------------------------------
Synthesis finished with 0 errors, 0 critical warnings and 2 warnings.
Synthesis Optimization Runtime : Time (s): cpu = 00:00:26 ; elapsed = 00:00:50 . Memory (MB): peak = 1598.332 ; gain = 641.918
Synthesis Optimization Complete : Time (s): cpu = 00:00:35 ; elapsed = 00:00:53 . Memory (MB): peak = 1598.332 ; gain = 677.691
INFO: [Project 1-571] Translating synthesized netlist
Netlist sorting complete. Time (s): cpu = 00:00:00 ; elapsed = 00:00:00.042 . Memory (MB): peak = 1607.320 ; gain = 0.000
INFO: [Netlist 29-17] Analyzing 685 Unisim elements for replacement
INFO: [Netlist 29-28] Unisim Transformation completed in 0 CPU seconds
INFO: [Project 1-570] Preparing netlist for logic optimization
INFO: [Opt 31-138] Pushed 0 inverter(s) to 0 load pin(s).
Netlist sorting complete. Time (s): cpu = 00:00:00 ; elapsed = 00:00:00.003 . Memory (MB): peak = 1610.996 ; gain = 0.000
INFO: [Project 1-111] Unisim Transformation Summary:
  A total of 530 instances were transformed.
  RAM16X1S => RAM32X1S (RAMS32): 4 instances
  RAM256X1S => RAM256X1S (MUXF7(x2), MUXF8, RAMS64E(x4)): 512 instances
  RAM32M => RAM32M (RAMD32(x6), RAMS32(x2)): 10 instances
  RAM32X1D => RAM32X1D (RAMD32(x2)): 4 instances

Synth Design complete | Checksum: d288d025
INFO: [Common 17-83] Releasing license: Synthesis
56 Infos, 28 Warnings, 8 Critical Warnings and 0 Errors encountered.
synth_design completed successfully
synth_design: Time (s): cpu = 00:00:41 ; elapsed = 00:01:01 . Memory (MB): peak = 1610.996 ; gain = 1089.586
INFO: [runtcl-6] Synthesis results are not added to the cache due to CRITICAL_WARNING
Write ShapeDB Complete: Time (s): cpu = 00:00:00 ; elapsed = 00:00:00.039 . Memory (MB): peak = 1610.996 ; gain = 0.000
INFO: [Common 17-1381] The checkpoint 'C:/Users/OarChula/Documents/GitHub/2110363-HWSynLab/lab05/lab05.runs/synth_1/nano_sc_system.dcp' has been generated.
INFO: [Vivado 12-24828] Executing command : report_utilization -file nano_sc_system_utilization_synth.rpt -pb nano_sc_system_utilization_synth.pb
INFO: [Common 17-206] Exiting Vivado at Tue Oct 15 14:12:37 2024...
