Copyright 1986-2022 Xilinx, Inc. All Rights Reserved. Copyright 2022-2024 Advanced Micro Devices, Inc. All Rights Reserved.
---------------------------------------------------------------------------------------------------------------------------------------------
| Tool Version : Vivado v.2024.1 (win64) Build 5076996 Wed May 22 18:37:14 MDT 2024
| Date         : Tue Oct  8 13:19:44 2024
| Host         : Oar-Stu0829 running 64-bit major release  (build 9200)
| Command      : report_control_sets -verbose -file system_control_sets_placed.rpt
| Design       : system
| Device       : xc7a35t
---------------------------------------------------------------------------------------------------------------------------------------------

Control Set Information

Table of Contents
-----------------
1. Summary
2. Histogram
3. Flip-Flop Distribution
4. Detailed Control Set Information

1. Summary
----------

+----------------------------------------------------------+-------+
|                          Status                          | Count |
+----------------------------------------------------------+-------+
| Total control sets                                       |    47 |
|    Minimum number of control sets                        |    47 |
|    Addition due to synthesis replication                 |     0 |
|    Addition due to physical synthesis replication        |     0 |
| Unused register locations in slices containing registers |   320 |
+----------------------------------------------------------+-------+
* Control sets can be merged at opt_design using control_set_merge or merge_equivalent_drivers
** Run report_qor_suggestions for automated merging and remapping suggestions


2. Histogram
------------

+--------------------+-------+
|       Fanout       | Count |
+--------------------+-------+
| Total control sets |    47 |
| >= 0 to < 4        |    45 |
| >= 4 to < 6        |     2 |
| >= 6 to < 8        |     0 |
| >= 8 to < 10       |     0 |
| >= 10 to < 12      |     0 |
| >= 12 to < 14      |     0 |
| >= 14 to < 16      |     0 |
| >= 16              |     0 |
+--------------------+-------+
* Control sets can be remapped at either synth_design or opt_design


3. Flip-Flop Distribution
-------------------------

+--------------+-----------------------+------------------------+-----------------+--------------+
| Clock Enable | Synchronous Set/Reset | Asynchronous Set/Reset | Total Registers | Total Slices |
+--------------+-----------------------+------------------------+-----------------+--------------+
| No           | No                    | No                     |              56 |           48 |
| No           | No                    | Yes                    |               0 |            0 |
| No           | Yes                   | No                     |               0 |            0 |
| Yes          | No                    | No                     |               0 |            0 |
| Yes          | No                    | Yes                    |               0 |            0 |
| Yes          | Yes                   | No                     |               0 |            0 |
+--------------+-----------------------+------------------------+-----------------+--------------+


4. Detailed Control Set Information
-----------------------------------

+--------------------------------+---------------+------------------+------------------+----------------+--------------+
|          Clock Signal          | Enable Signal | Set/Reset Signal | Slice Load Count | Bel Load Count | Bels / Slice |
+--------------------------------+---------------+------------------+------------------+----------------+--------------+
|  genblk1[13].fdiv/clkDiv_reg_0 |               |                  |                1 |              1 |         1.00 |
|  genblk2[9].fdiv/clkDiv_reg_0  |               |                  |                1 |              1 |         1.00 |
|  genblk1[14].fdiv/clkDiv_reg_0 |               |                  |                1 |              1 |         1.00 |
|  genblk1[17].fdiv/clkDiv_reg_0 |               |                  |                1 |              1 |         1.00 |
|  genblk1[16].fdiv/clkDiv_reg_0 |               |                  |                1 |              1 |         1.00 |
|  genblk1[15].fdiv/clkDiv_reg_0 |               |                  |                1 |              1 |         1.00 |
|  clk_IBUF_BUFG                 |               |                  |                1 |              1 |         1.00 |
|  genblk1[12].fdiv/clkDiv_reg_0 |               |                  |                1 |              1 |         1.00 |
|  genblk2[5].fdiv/clkDiv_reg_0  |               |                  |                1 |              1 |         1.00 |
|  genblk2[7].fdiv/clkDiv_reg_0  |               |                  |                1 |              1 |         1.00 |
|  genblk1[1].fdiv/clkDiv_reg_0  |               |                  |                1 |              1 |         1.00 |
|  genblk1[2].fdiv/clkDiv_reg_0  |               |                  |                1 |              1 |         1.00 |
|  genblk2[8].fdiv/clkDiv_reg_0  |               |                  |                1 |              1 |         1.00 |
|  genblk1[8].fdiv/clkDiv_reg_0  |               |                  |                1 |              1 |         1.00 |
|  genblk1[4].fdiv/clkDiv_reg_0  |               |                  |                1 |              1 |         1.00 |
|  genblk1[6].fdiv/clkDiv_reg_0  |               |                  |                1 |              1 |         1.00 |
|  genblk1[3].fdiv/clkDiv_reg_0  |               |                  |                1 |              1 |         1.00 |
|  genblk1[7].fdiv/clkDiv_reg_0  |               |                  |                1 |              1 |         1.00 |
|  genblk1[5].fdiv/clkDiv_reg_0  |               |                  |                1 |              1 |         1.00 |
|  genblk2[11].fdiv/clkDiv_reg_0 |               |                  |                1 |              1 |         1.00 |
|  genblk2[13].fdiv/clkDiv_reg_0 |               |                  |                1 |              1 |         1.00 |
|  genblk1[9].fdiv/clkDiv_reg_0  |               |                  |                1 |              1 |         1.00 |
|  genblk2[10].fdiv/clkDiv_reg_0 |               |                  |                1 |              1 |         1.00 |
|  genblk2[14].fdiv/clkDiv_reg_0 |               |                  |                1 |              1 |         1.00 |
|  genblk1[10].fdiv/clkDiv_reg_0 |               |                  |                1 |              1 |         1.00 |
|  genblk2[12].fdiv/clkDiv_reg_0 |               |                  |                1 |              1 |         1.00 |
|  genblk2[15].fdiv/clkDiv_reg_0 |               |                  |                1 |              1 |         1.00 |
|  genblk2[18].fdiv/clkDiv_reg_0 |               |                  |                1 |              1 |         1.00 |
|  genblk2[17].fdiv/clkDiv_reg_0 |               |                  |                1 |              1 |         1.00 |
|  genblk2[1].fdiv/clkDiv_reg_0  |               |                  |                1 |              1 |         1.00 |
|  genblk2[16].fdiv/clkDiv_reg_0 |               |                  |                1 |              1 |         1.00 |
|  genblk2[19].fdiv/clkDiv_reg_0 |               |                  |                1 |              1 |         1.00 |
|  genblk2[21].fdiv/clkDiv_reg_0 |               |                  |                1 |              1 |         1.00 |
|  genblk2[23].fdiv/clkDiv_reg_0 |               |                  |                1 |              1 |         1.00 |
|  genblk2[24].fdiv/clkDiv_reg_0 |               |                  |                1 |              1 |         1.00 |
|  genblk2[20].fdiv/clkDiv_reg_0 |               |                  |                1 |              1 |         1.00 |
|  genblk2[22].fdiv/clkDiv_reg_0 |               |                  |                1 |              1 |         1.00 |
|  genblk1[11].fdiv/clkDiv_reg_0 |               |                  |                1 |              1 |         1.00 |
|  genblk2[6].fdiv/clkDiv_reg_0  |               |                  |                1 |              1 |         1.00 |
|  genblk2[25].fdiv/clkDiv_reg_0 |               |                  |                1 |              1 |         1.00 |
|  genblk2[2].fdiv/clkDiv_reg_0  |               |                  |                1 |              1 |         1.00 |
|  genblk2[3].fdiv/clkDiv_reg_0  |               |                  |                1 |              1 |         1.00 |
|  genblk2[4].fdiv/clkDiv_reg_0  |               |                  |                1 |              1 |         1.00 |
|  genblk1[0].fdiv/clkDiv_reg_0  |               |                  |                2 |              2 |         1.00 |
|  fdivTarget1/clkDiv_reg_0      |               |                  |                1 |              2 |         2.00 |
|  fdivTarget1/counterClk        |               |                  |                1 |              4 |         4.00 |
|  fdivTarget/clkDiv_reg_0       |               |                  |                1 |              5 |         5.00 |
+--------------------------------+---------------+------------------+------------------+----------------+--------------+


