
*** Running vivado
    with args -log system.vds -m64 -product Vivado -mode batch -messageDb vivado.pb -notrace -source system.tcl



****** Vivado v2024.1 (64-bit)
  **** SW Build 5076996 on Wed May 22 18:37:14 MDT 2024
  **** IP Build 5075265 on Wed May 22 21:45:21 MDT 2024
  **** SharedData Build 5076995 on Wed May 22 18:29:18 MDT 2024
  **** Start of session at: Tue Oct  8 13:16:49 2024
    ** Copyright 1986-2022 Xilinx, Inc. All Rights Reserved.
    ** Copyright 2022-2024 Advanced Micro Devices, Inc. All Rights Reserved.

source system.tcl -notrace
create_project: Time (s): cpu = 00:00:07 ; elapsed = 00:00:16 . Memory (MB): peak = 518.164 ; gain = 226.207
Command: read_checkpoint -auto_incremental -incremental C:/Users/OarChula/Documents/GitHub/2110363-HWSynLab/try01/try01.srcs/utils_1/imports/synth_1/system.dcp
INFO: [Vivado 12-5825] Read reference checkpoint from C:/Users/OarChula/Documents/GitHub/2110363-HWSynLab/try01/try01.srcs/utils_1/imports/synth_1/system.dcp for incremental synthesis
INFO: [Vivado 12-7989] Please ensure there are no constraint changes
Command: synth_design -top system -part xc7a35tcpg236-1
Starting synth_design
Attempting to get a license for feature 'Synthesis' and/or device 'xc7a35t'
INFO: [Common 17-349] Got license for feature 'Synthesis' and/or device 'xc7a35t'
INFO: [Device 21-403] Loading part xc7a35tcpg236-1
INFO: [Device 21-9227] Part: xc7a35tcpg236-1 does not have CEAM library.
INFO: [Designutils 20-5440] No compile time benefit to using incremental synthesis; A full resynthesis will be run
INFO: [Designutils 20-4379] Flow is switching to default flow due to incremental criteria not met. If you would like to alter this behaviour and have the flow terminate instead, please set the following parameter config_implementation {autoIncr.Synth.RejectBehavior Terminate}
INFO: [Synth 8-7079] Multithreading enabled for synth_design using a maximum of 2 processes.
INFO: [Synth 8-7078] Launching helper process for spawning children vivado processes
INFO: [Synth 8-7075] Helper process launched with PID 17072
---------------------------------------------------------------------------------
Starting RTL Elaboration : Time (s): cpu = 00:00:08 ; elapsed = 00:00:13 . Memory (MB): peak = 1367.656 ; gain = 448.754
---------------------------------------------------------------------------------
WARNING: [Synth 8-11121] redeclaration of ANSI port 'clkDiv' is not allowed [C:/Users/OarChula/Documents/GitHub/2110363-HWSynLab/try01/try01.srcs/sources_1/new/clockDiv.v:28]
WARNING: [Synth 8-11121] redeclaration of ANSI port 'segments' is not allowed [C:/Users/OarChula/Documents/GitHub/2110363-HWSynLab/try01/try01.srcs/sources_1/new/hexTo7Segment.v:28]
CRITICAL WARNING: [Synth 8-9873] overwriting previous definition of module 'quadSevenSeg' [C:/Users/OarChula/Documents/GitHub/2110363-HWSynLab/try01/try01.srcs/sources_1/new/utils.v:153]
INFO: [Synth 8-9937] previous definition of design element 'quadSevenSeg' is here [C:/Users/OarChula/Documents/GitHub/2110363-HWSynLab/try01/try01.srcs/sources_1/new/utils.v:83]
INFO: [Synth 8-6157] synthesizing module 'system' [C:/Users/OarChula/Documents/GitHub/2110363-HWSynLab/try01/try01.srcs/sources_1/new/system.v:23]
INFO: [Synth 8-6157] synthesizing module 'clockDiv' [C:/Users/OarChula/Documents/GitHub/2110363-HWSynLab/try01/try01.srcs/sources_1/new/clockDiv.v:23]
INFO: [Synth 8-6155] done synthesizing module 'clockDiv' (0#1) [C:/Users/OarChula/Documents/GitHub/2110363-HWSynLab/try01/try01.srcs/sources_1/new/clockDiv.v:23]
INFO: [Synth 8-6157] synthesizing module 'quadSevenSeg' [C:/Users/OarChula/Documents/GitHub/2110363-HWSynLab/try01/try01.srcs/sources_1/new/utils.v:84]
INFO: [Synth 8-6157] synthesizing module 'hexTo7Segment' [C:/Users/OarChula/Documents/GitHub/2110363-HWSynLab/try01/try01.srcs/sources_1/new/hexTo7Segment.v:23]
INFO: [Synth 8-6155] done synthesizing module 'hexTo7Segment' (0#1) [C:/Users/OarChula/Documents/GitHub/2110363-HWSynLab/try01/try01.srcs/sources_1/new/hexTo7Segment.v:23]
WARNING: [Synth 8-567] referenced signal 'num0' should be on the sensitivity list [C:/Users/OarChula/Documents/GitHub/2110363-HWSynLab/try01/try01.srcs/sources_1/new/utils.v:134]
WARNING: [Synth 8-567] referenced signal 'num1' should be on the sensitivity list [C:/Users/OarChula/Documents/GitHub/2110363-HWSynLab/try01/try01.srcs/sources_1/new/utils.v:134]
WARNING: [Synth 8-567] referenced signal 'num2' should be on the sensitivity list [C:/Users/OarChula/Documents/GitHub/2110363-HWSynLab/try01/try01.srcs/sources_1/new/utils.v:134]
WARNING: [Synth 8-567] referenced signal 'num3' should be on the sensitivity list [C:/Users/OarChula/Documents/GitHub/2110363-HWSynLab/try01/try01.srcs/sources_1/new/utils.v:134]
WARNING: [Synth 8-567] referenced signal 'dp0' should be on the sensitivity list [C:/Users/OarChula/Documents/GitHub/2110363-HWSynLab/try01/try01.srcs/sources_1/new/utils.v:144]
WARNING: [Synth 8-567] referenced signal 'dp1' should be on the sensitivity list [C:/Users/OarChula/Documents/GitHub/2110363-HWSynLab/try01/try01.srcs/sources_1/new/utils.v:144]
WARNING: [Synth 8-567] referenced signal 'dp2' should be on the sensitivity list [C:/Users/OarChula/Documents/GitHub/2110363-HWSynLab/try01/try01.srcs/sources_1/new/utils.v:144]
WARNING: [Synth 8-567] referenced signal 'dp3' should be on the sensitivity list [C:/Users/OarChula/Documents/GitHub/2110363-HWSynLab/try01/try01.srcs/sources_1/new/utils.v:144]
INFO: [Synth 8-6155] done synthesizing module 'quadSevenSeg' (0#1) [C:/Users/OarChula/Documents/GitHub/2110363-HWSynLab/try01/try01.srcs/sources_1/new/utils.v:84]
INFO: [Synth 8-6157] synthesizing module 'dFlipflop' [C:/Users/OarChula/Documents/GitHub/2110363-HWSynLab/try01/try01.srcs/sources_1/new/dFlipflop.v:23]
INFO: [Synth 8-6155] done synthesizing module 'dFlipflop' (0#1) [C:/Users/OarChula/Documents/GitHub/2110363-HWSynLab/try01/try01.srcs/sources_1/new/dFlipflop.v:23]
INFO: [Synth 8-6157] synthesizing module 'singlePulser' [C:/Users/OarChula/Documents/GitHub/2110363-HWSynLab/try01/try01.srcs/sources_1/new/singlePulser.v:23]
INFO: [Synth 8-6155] done synthesizing module 'singlePulser' (0#1) [C:/Users/OarChula/Documents/GitHub/2110363-HWSynLab/try01/try01.srcs/sources_1/new/singlePulser.v:23]
INFO: [Synth 8-6155] done synthesizing module 'system' (0#1) [C:/Users/OarChula/Documents/GitHub/2110363-HWSynLab/try01/try01.srcs/sources_1/new/system.v:23]
---------------------------------------------------------------------------------
Finished RTL Elaboration : Time (s): cpu = 00:00:10 ; elapsed = 00:00:17 . Memory (MB): peak = 1477.469 ; gain = 558.566
---------------------------------------------------------------------------------
---------------------------------------------------------------------------------
Start Handling Custom Attributes
---------------------------------------------------------------------------------
---------------------------------------------------------------------------------
Finished Handling Custom Attributes : Time (s): cpu = 00:00:10 ; elapsed = 00:00:17 . Memory (MB): peak = 1477.469 ; gain = 558.566
---------------------------------------------------------------------------------
---------------------------------------------------------------------------------
Finished RTL Optimization Phase 1 : Time (s): cpu = 00:00:10 ; elapsed = 00:00:17 . Memory (MB): peak = 1477.469 ; gain = 558.566
---------------------------------------------------------------------------------
Netlist sorting complete. Time (s): cpu = 00:00:00 ; elapsed = 00:00:00.003 . Memory (MB): peak = 1477.469 ; gain = 0.000
INFO: [Project 1-570] Preparing netlist for logic optimization

Processing XDC Constraints
Initializing timing engine
Parsing XDC File [C:/Users/OarChula/Documents/GitHub/2110363-HWSynLab/try01/try01.srcs/constrs_1/new/Basys3_Master.xdc]
WARNING: [Vivado 12-584] No ports matched 'sw[0]'. [C:/Users/OarChula/Documents/GitHub/2110363-HWSynLab/try01/try01.srcs/constrs_1/new/Basys3_Master.xdc:12]
CRITICAL WARNING: [Common 17-55] 'set_property' expects at least one object. [C:/Users/OarChula/Documents/GitHub/2110363-HWSynLab/try01/try01.srcs/constrs_1/new/Basys3_Master.xdc:12]
Resolution: If [get_<value>] was used to populate the object, check to make sure this command returns at least one valid object.
WARNING: [Vivado 12-584] No ports matched 'sw[0]'. [C:/Users/OarChula/Documents/GitHub/2110363-HWSynLab/try01/try01.srcs/constrs_1/new/Basys3_Master.xdc:13]
CRITICAL WARNING: [Common 17-55] 'set_property' expects at least one object. [C:/Users/OarChula/Documents/GitHub/2110363-HWSynLab/try01/try01.srcs/constrs_1/new/Basys3_Master.xdc:13]
Resolution: If [get_<value>] was used to populate the object, check to make sure this command returns at least one valid object.
WARNING: [Vivado 12-584] No ports matched 'sw[1]'. [C:/Users/OarChula/Documents/GitHub/2110363-HWSynLab/try01/try01.srcs/constrs_1/new/Basys3_Master.xdc:14]
CRITICAL WARNING: [Common 17-55] 'set_property' expects at least one object. [C:/Users/OarChula/Documents/GitHub/2110363-HWSynLab/try01/try01.srcs/constrs_1/new/Basys3_Master.xdc:14]
Resolution: If [get_<value>] was used to populate the object, check to make sure this command returns at least one valid object.
WARNING: [Vivado 12-584] No ports matched 'sw[1]'. [C:/Users/OarChula/Documents/GitHub/2110363-HWSynLab/try01/try01.srcs/constrs_1/new/Basys3_Master.xdc:15]
CRITICAL WARNING: [Common 17-55] 'set_property' expects at least one object. [C:/Users/OarChula/Documents/GitHub/2110363-HWSynLab/try01/try01.srcs/constrs_1/new/Basys3_Master.xdc:15]
Resolution: If [get_<value>] was used to populate the object, check to make sure this command returns at least one valid object.
WARNING: [Vivado 12-584] No ports matched 'sw[2]'. [C:/Users/OarChula/Documents/GitHub/2110363-HWSynLab/try01/try01.srcs/constrs_1/new/Basys3_Master.xdc:16]
CRITICAL WARNING: [Common 17-55] 'set_property' expects at least one object. [C:/Users/OarChula/Documents/GitHub/2110363-HWSynLab/try01/try01.srcs/constrs_1/new/Basys3_Master.xdc:16]
Resolution: If [get_<value>] was used to populate the object, check to make sure this command returns at least one valid object.
WARNING: [Vivado 12-584] No ports matched 'sw[2]'. [C:/Users/OarChula/Documents/GitHub/2110363-HWSynLab/try01/try01.srcs/constrs_1/new/Basys3_Master.xdc:17]
CRITICAL WARNING: [Common 17-55] 'set_property' expects at least one object. [C:/Users/OarChula/Documents/GitHub/2110363-HWSynLab/try01/try01.srcs/constrs_1/new/Basys3_Master.xdc:17]
Resolution: If [get_<value>] was used to populate the object, check to make sure this command returns at least one valid object.
WARNING: [Vivado 12-584] No ports matched 'sw[3]'. [C:/Users/OarChula/Documents/GitHub/2110363-HWSynLab/try01/try01.srcs/constrs_1/new/Basys3_Master.xdc:18]
CRITICAL WARNING: [Common 17-55] 'set_property' expects at least one object. [C:/Users/OarChula/Documents/GitHub/2110363-HWSynLab/try01/try01.srcs/constrs_1/new/Basys3_Master.xdc:18]
Resolution: If [get_<value>] was used to populate the object, check to make sure this command returns at least one valid object.
WARNING: [Vivado 12-584] No ports matched 'sw[3]'. [C:/Users/OarChula/Documents/GitHub/2110363-HWSynLab/try01/try01.srcs/constrs_1/new/Basys3_Master.xdc:19]
CRITICAL WARNING: [Common 17-55] 'set_property' expects at least one object. [C:/Users/OarChula/Documents/GitHub/2110363-HWSynLab/try01/try01.srcs/constrs_1/new/Basys3_Master.xdc:19]
Resolution: If [get_<value>] was used to populate the object, check to make sure this command returns at least one valid object.
WARNING: [Vivado 12-584] No ports matched 'sw[4]'. [C:/Users/OarChula/Documents/GitHub/2110363-HWSynLab/try01/try01.srcs/constrs_1/new/Basys3_Master.xdc:20]
CRITICAL WARNING: [Common 17-55] 'set_property' expects at least one object. [C:/Users/OarChula/Documents/GitHub/2110363-HWSynLab/try01/try01.srcs/constrs_1/new/Basys3_Master.xdc:20]
Resolution: If [get_<value>] was used to populate the object, check to make sure this command returns at least one valid object.
WARNING: [Vivado 12-584] No ports matched 'sw[4]'. [C:/Users/OarChula/Documents/GitHub/2110363-HWSynLab/try01/try01.srcs/constrs_1/new/Basys3_Master.xdc:21]
CRITICAL WARNING: [Common 17-55] 'set_property' expects at least one object. [C:/Users/OarChula/Documents/GitHub/2110363-HWSynLab/try01/try01.srcs/constrs_1/new/Basys3_Master.xdc:21]
Resolution: If [get_<value>] was used to populate the object, check to make sure this command returns at least one valid object.
WARNING: [Vivado 12-584] No ports matched 'sw[5]'. [C:/Users/OarChula/Documents/GitHub/2110363-HWSynLab/try01/try01.srcs/constrs_1/new/Basys3_Master.xdc:22]
CRITICAL WARNING: [Common 17-55] 'set_property' expects at least one object. [C:/Users/OarChula/Documents/GitHub/2110363-HWSynLab/try01/try01.srcs/constrs_1/new/Basys3_Master.xdc:22]
Resolution: If [get_<value>] was used to populate the object, check to make sure this command returns at least one valid object.
WARNING: [Vivado 12-584] No ports matched 'sw[5]'. [C:/Users/OarChula/Documents/GitHub/2110363-HWSynLab/try01/try01.srcs/constrs_1/new/Basys3_Master.xdc:23]
CRITICAL WARNING: [Common 17-55] 'set_property' expects at least one object. [C:/Users/OarChula/Documents/GitHub/2110363-HWSynLab/try01/try01.srcs/constrs_1/new/Basys3_Master.xdc:23]
Resolution: If [get_<value>] was used to populate the object, check to make sure this command returns at least one valid object.
WARNING: [Vivado 12-584] No ports matched 'sw[6]'. [C:/Users/OarChula/Documents/GitHub/2110363-HWSynLab/try01/try01.srcs/constrs_1/new/Basys3_Master.xdc:24]
CRITICAL WARNING: [Common 17-55] 'set_property' expects at least one object. [C:/Users/OarChula/Documents/GitHub/2110363-HWSynLab/try01/try01.srcs/constrs_1/new/Basys3_Master.xdc:24]
Resolution: If [get_<value>] was used to populate the object, check to make sure this command returns at least one valid object.
WARNING: [Vivado 12-584] No ports matched 'sw[6]'. [C:/Users/OarChula/Documents/GitHub/2110363-HWSynLab/try01/try01.srcs/constrs_1/new/Basys3_Master.xdc:25]
CRITICAL WARNING: [Common 17-55] 'set_property' expects at least one object. [C:/Users/OarChula/Documents/GitHub/2110363-HWSynLab/try01/try01.srcs/constrs_1/new/Basys3_Master.xdc:25]
Resolution: If [get_<value>] was used to populate the object, check to make sure this command returns at least one valid object.
WARNING: [Vivado 12-584] No ports matched 'sw[7]'. [C:/Users/OarChula/Documents/GitHub/2110363-HWSynLab/try01/try01.srcs/constrs_1/new/Basys3_Master.xdc:26]
CRITICAL WARNING: [Common 17-55] 'set_property' expects at least one object. [C:/Users/OarChula/Documents/GitHub/2110363-HWSynLab/try01/try01.srcs/constrs_1/new/Basys3_Master.xdc:26]
Resolution: If [get_<value>] was used to populate the object, check to make sure this command returns at least one valid object.
WARNING: [Vivado 12-584] No ports matched 'sw[7]'. [C:/Users/OarChula/Documents/GitHub/2110363-HWSynLab/try01/try01.srcs/constrs_1/new/Basys3_Master.xdc:27]
CRITICAL WARNING: [Common 17-55] 'set_property' expects at least one object. [C:/Users/OarChula/Documents/GitHub/2110363-HWSynLab/try01/try01.srcs/constrs_1/new/Basys3_Master.xdc:27]
Resolution: If [get_<value>] was used to populate the object, check to make sure this command returns at least one valid object.
WARNING: [Vivado 12-584] No ports matched 'btnU'. [C:/Users/OarChula/Documents/GitHub/2110363-HWSynLab/try01/try01.srcs/constrs_1/new/Basys3_Master.xdc:113]
CRITICAL WARNING: [Common 17-55] 'set_property' expects at least one object. [C:/Users/OarChula/Documents/GitHub/2110363-HWSynLab/try01/try01.srcs/constrs_1/new/Basys3_Master.xdc:113]
Resolution: If [get_<value>] was used to populate the object, check to make sure this command returns at least one valid object.
WARNING: [Vivado 12-584] No ports matched 'btnU'. [C:/Users/OarChula/Documents/GitHub/2110363-HWSynLab/try01/try01.srcs/constrs_1/new/Basys3_Master.xdc:114]
CRITICAL WARNING: [Common 17-55] 'set_property' expects at least one object. [C:/Users/OarChula/Documents/GitHub/2110363-HWSynLab/try01/try01.srcs/constrs_1/new/Basys3_Master.xdc:114]
Resolution: If [get_<value>] was used to populate the object, check to make sure this command returns at least one valid object.
Finished Parsing XDC File [C:/Users/OarChula/Documents/GitHub/2110363-HWSynLab/try01/try01.srcs/constrs_1/new/Basys3_Master.xdc]
INFO: [Project 1-236] Implementation specific constraints were found while reading constraint file [C:/Users/OarChula/Documents/GitHub/2110363-HWSynLab/try01/try01.srcs/constrs_1/new/Basys3_Master.xdc]. These constraints will be ignored for synthesis but will be used in implementation. Impacted constraints are listed in the file [.Xil/system_propImpl.xdc].
Resolution: To avoid this warning, move constraints listed in [.Xil/system_propImpl.xdc] to another XDC file and exclude this new file from synthesis with the used_in_synthesis property (File Properties dialog in GUI) and re-run elaboration/synthesis.
Completed Processing XDC Constraints

Netlist sorting complete. Time (s): cpu = 00:00:00 ; elapsed = 00:00:00 . Memory (MB): peak = 1567.215 ; gain = 0.000
INFO: [Project 1-111] Unisim Transformation Summary:
No Unisim elements were transformed.

Constraint Validation Runtime : Time (s): cpu = 00:00:00 ; elapsed = 00:00:00.004 . Memory (MB): peak = 1567.215 ; gain = 0.000
INFO: [Designutils 20-5440] No compile time benefit to using incremental synthesis; A full resynthesis will be run
INFO: [Designutils 20-4379] Flow is switching to default flow due to incremental criteria not met. If you would like to alter this behaviour and have the flow terminate instead, please set the following parameter config_implementation {autoIncr.Synth.RejectBehavior Terminate}
---------------------------------------------------------------------------------
Finished Constraint Validation : Time (s): cpu = 00:00:20 ; elapsed = 00:00:33 . Memory (MB): peak = 1567.215 ; gain = 648.312
---------------------------------------------------------------------------------
---------------------------------------------------------------------------------
Start Loading Part and Timing Information
---------------------------------------------------------------------------------
Loading part: xc7a35tcpg236-1
---------------------------------------------------------------------------------
Finished Loading Part and Timing Information : Time (s): cpu = 00:00:20 ; elapsed = 00:00:33 . Memory (MB): peak = 1567.215 ; gain = 648.312
---------------------------------------------------------------------------------
---------------------------------------------------------------------------------
Start Applying 'set_property' XDC Constraints
---------------------------------------------------------------------------------
---------------------------------------------------------------------------------
Finished applying 'set_property' XDC Constraints : Time (s): cpu = 00:00:20 ; elapsed = 00:00:33 . Memory (MB): peak = 1567.215 ; gain = 648.312
---------------------------------------------------------------------------------
---------------------------------------------------------------------------------
Finished RTL Optimization Phase 2 : Time (s): cpu = 00:00:20 ; elapsed = 00:00:34 . Memory (MB): peak = 1567.215 ; gain = 648.312
---------------------------------------------------------------------------------
INFO: [Synth 8-223] decloning instance 'genblk1[0].fdiv' (clockDiv) to 'genblk2[0].fdiv'
---------------------------------------------------------------------------------
Start RTL Component Statistics 
---------------------------------------------------------------------------------
Detailed RTL Component Info : 
+---Adders : 
	   2 Input    3 Bit       Adders := 1     
	   2 Input    2 Bit       Adders := 1     
+---Registers : 
	                4 Bit    Registers := 4     
	                2 Bit    Registers := 2     
	                1 Bit    Registers := 53    
+---Muxes : 
	   3 Input   18 Bit        Muxes := 1     
	   4 Input    4 Bit        Muxes := 2     
	   4 Input    1 Bit        Muxes := 2     
---------------------------------------------------------------------------------
Finished RTL Component Statistics 
---------------------------------------------------------------------------------
---------------------------------------------------------------------------------
Start Part Resource Summary
---------------------------------------------------------------------------------
Part Resources:
DSPs: 90 (col length:60)
BRAMs: 100 (col length: RAMB18 60 RAMB36 30)
---------------------------------------------------------------------------------
Finished Part Resource Summary
---------------------------------------------------------------------------------
---------------------------------------------------------------------------------
Start Cross Boundary and Area Optimization
---------------------------------------------------------------------------------
WARNING: [Synth 8-7080] Parallel synthesis criteria is not met
---------------------------------------------------------------------------------
Finished Cross Boundary and Area Optimization : Time (s): cpu = 00:00:23 ; elapsed = 00:00:38 . Memory (MB): peak = 1567.215 ; gain = 648.312
---------------------------------------------------------------------------------
---------------------------------------------------------------------------------
Start Applying XDC Timing Constraints
---------------------------------------------------------------------------------
---------------------------------------------------------------------------------
Finished Applying XDC Timing Constraints : Time (s): cpu = 00:00:29 ; elapsed = 00:00:50 . Memory (MB): peak = 1567.215 ; gain = 648.312
---------------------------------------------------------------------------------
---------------------------------------------------------------------------------
Start Timing Optimization
---------------------------------------------------------------------------------
---------------------------------------------------------------------------------
Finished Timing Optimization : Time (s): cpu = 00:00:29 ; elapsed = 00:00:50 . Memory (MB): peak = 1567.215 ; gain = 648.312
---------------------------------------------------------------------------------
---------------------------------------------------------------------------------
Start Technology Mapping
---------------------------------------------------------------------------------
---------------------------------------------------------------------------------
Finished Technology Mapping : Time (s): cpu = 00:00:29 ; elapsed = 00:00:50 . Memory (MB): peak = 1567.215 ; gain = 648.312
---------------------------------------------------------------------------------
---------------------------------------------------------------------------------
Start IO Insertion
---------------------------------------------------------------------------------
---------------------------------------------------------------------------------
Start Flattening Before IO Insertion
---------------------------------------------------------------------------------
---------------------------------------------------------------------------------
Finished Flattening Before IO Insertion
---------------------------------------------------------------------------------
---------------------------------------------------------------------------------
Start Final Netlist Cleanup
---------------------------------------------------------------------------------
---------------------------------------------------------------------------------
Finished Final Netlist Cleanup
---------------------------------------------------------------------------------
---------------------------------------------------------------------------------
Finished IO Insertion : Time (s): cpu = 00:00:36 ; elapsed = 00:01:01 . Memory (MB): peak = 1567.215 ; gain = 648.312
---------------------------------------------------------------------------------
---------------------------------------------------------------------------------
Start Renaming Generated Instances
---------------------------------------------------------------------------------
---------------------------------------------------------------------------------
Finished Renaming Generated Instances : Time (s): cpu = 00:00:36 ; elapsed = 00:01:01 . Memory (MB): peak = 1567.215 ; gain = 648.312
---------------------------------------------------------------------------------
---------------------------------------------------------------------------------
Start Rebuilding User Hierarchy
---------------------------------------------------------------------------------
---------------------------------------------------------------------------------
Finished Rebuilding User Hierarchy : Time (s): cpu = 00:00:36 ; elapsed = 00:01:01 . Memory (MB): peak = 1567.215 ; gain = 648.312
---------------------------------------------------------------------------------
---------------------------------------------------------------------------------
Start Renaming Generated Ports
---------------------------------------------------------------------------------
---------------------------------------------------------------------------------
Finished Renaming Generated Ports : Time (s): cpu = 00:00:36 ; elapsed = 00:01:01 . Memory (MB): peak = 1567.215 ; gain = 648.312
---------------------------------------------------------------------------------
---------------------------------------------------------------------------------
Start Handling Custom Attributes
---------------------------------------------------------------------------------
---------------------------------------------------------------------------------
Finished Handling Custom Attributes : Time (s): cpu = 00:00:36 ; elapsed = 00:01:01 . Memory (MB): peak = 1567.215 ; gain = 648.312
---------------------------------------------------------------------------------
---------------------------------------------------------------------------------
Start Renaming Generated Nets
---------------------------------------------------------------------------------
---------------------------------------------------------------------------------
Finished Renaming Generated Nets : Time (s): cpu = 00:00:36 ; elapsed = 00:01:01 . Memory (MB): peak = 1567.215 ; gain = 648.312
---------------------------------------------------------------------------------
---------------------------------------------------------------------------------
Start Writing Synthesis Report
---------------------------------------------------------------------------------

Report BlackBoxes: 
+-+--------------+----------+
| |BlackBox name |Instances |
+-+--------------+----------+
+-+--------------+----------+

Report Cell Usage: 
+------+-----+------+
|      |Cell |Count |
+------+-----+------+
|1     |BUFG |     1|
|2     |LUT1 |    47|
|3     |LUT2 |     9|
|4     |LUT3 |     3|
|5     |LUT4 |     5|
|6     |FDRE |    56|
|7     |IBUF |     2|
|8     |OBUF |    12|
+------+-----+------+
---------------------------------------------------------------------------------
Finished Writing Synthesis Report : Time (s): cpu = 00:00:36 ; elapsed = 00:01:01 . Memory (MB): peak = 1567.215 ; gain = 648.312
---------------------------------------------------------------------------------
Synthesis finished with 0 errors, 0 critical warnings and 1 warnings.
Synthesis Optimization Runtime : Time (s): cpu = 00:00:24 ; elapsed = 00:00:58 . Memory (MB): peak = 1567.215 ; gain = 558.566
Synthesis Optimization Complete : Time (s): cpu = 00:00:36 ; elapsed = 00:01:02 . Memory (MB): peak = 1567.215 ; gain = 648.312
INFO: [Project 1-571] Translating synthesized netlist
Netlist sorting complete. Time (s): cpu = 00:00:00 ; elapsed = 00:00:00.004 . Memory (MB): peak = 1567.215 ; gain = 0.000
INFO: [Project 1-570] Preparing netlist for logic optimization
INFO: [Opt 31-138] Pushed 0 inverter(s) to 0 load pin(s).
Netlist sorting complete. Time (s): cpu = 00:00:00 ; elapsed = 00:00:00 . Memory (MB): peak = 1567.215 ; gain = 0.000
INFO: [Project 1-111] Unisim Transformation Summary:
No Unisim elements were transformed.

Synth Design complete | Checksum: 65b91ff1
INFO: [Common 17-83] Releasing license: Synthesis
34 Infos, 29 Warnings, 19 Critical Warnings and 0 Errors encountered.
synth_design completed successfully
synth_design: Time (s): cpu = 00:00:42 ; elapsed = 00:01:16 . Memory (MB): peak = 1567.215 ; gain = 1044.836
INFO: [runtcl-6] Synthesis results are not added to the cache due to CRITICAL_WARNING
Write ShapeDB Complete: Time (s): cpu = 00:00:00 ; elapsed = 00:00:00.002 . Memory (MB): peak = 1567.215 ; gain = 0.000
INFO: [Common 17-1381] The checkpoint 'C:/Users/OarChula/Documents/GitHub/2110363-HWSynLab/try01/try01.runs/synth_1/system.dcp' has been generated.
INFO: [Vivado 12-24828] Executing command : report_utilization -file system_utilization_synth.rpt -pb system_utilization_synth.pb
INFO: [Common 17-206] Exiting Vivado at Tue Oct  8 13:18:28 2024...
