
*** Running vivado
    with args -log system3_clkDivide_0_0.vds -m64 -product Vivado -mode batch -messageDb vivado.pb -notrace -source system3_clkDivide_0_0.tcl



****** Vivado v2024.1 (64-bit)
  **** SW Build 5076996 on Wed May 22 18:37:14 MDT 2024
  **** IP Build 5075265 on Wed May 22 21:45:21 MDT 2024
  **** SharedData Build 5076995 on Wed May 22 18:29:18 MDT 2024
  **** Start of session at: Tue Sep 17 14:39:30 2024
    ** Copyright 1986-2022 Xilinx, Inc. All Rights Reserved.
    ** Copyright 2022-2024 Advanced Micro Devices, Inc. All Rights Reserved.

source system3_clkDivide_0_0.tcl -notrace
create_project: Time (s): cpu = 00:00:08 ; elapsed = 00:00:14 . Memory (MB): peak = 515.477 ; gain = 223.898
INFO: [IP_Flow 19-234] Refreshing IP repositories
INFO: [IP_Flow 19-1704] No user IP repositories specified
INFO: [IP_Flow 19-2313] Loaded Vivado IP repository 'C:/Xilinx/Vivado/2024.1/data/ip'.
Command: synth_design -top system3_clkDivide_0_0 -part xc7a35tcpg236-1 -incremental_mode off -mode out_of_context
Starting synth_design
Attempting to get a license for feature 'Synthesis' and/or device 'xc7a35t'
INFO: [Common 17-349] Got license for feature 'Synthesis' and/or device 'xc7a35t'
INFO: [Designutils 20-5008] Incremental synthesis strategy off
INFO: [Synth 8-7079] Multithreading enabled for synth_design using a maximum of 2 processes.
INFO: [Synth 8-7078] Launching helper process for spawning children vivado processes
INFO: [Synth 8-7075] Helper process launched with PID 16108
---------------------------------------------------------------------------------
Starting Synthesize : Time (s): cpu = 00:00:09 ; elapsed = 00:00:15 . Memory (MB): peak = 984.066 ; gain = 448.637
---------------------------------------------------------------------------------
WARNING: [Synth 8-10515] begin/end is required for generate-for in this mode of Verilog [C:/Users/OarChula/Documents/GitHub/2110363-HWSynLab/lab04/lab04.srcs/sources_1/new/flipflop.v:67]
INFO: [Synth 8-6157] synthesizing module 'system3_clkDivide_0_0' [c:/Users/OarChula/Documents/GitHub/2110363-HWSynLab/lab04/lab04.gen/sources_1/bd/system3/ip/system3_clkDivide_0_0/synth/system3_clkDivide_0_0.v:53]
INFO: [Synth 8-6157] synthesizing module 'clkDivide' [C:/Users/OarChula/Documents/GitHub/2110363-HWSynLab/lab04/lab04.srcs/sources_1/new/flipflop.v:54]
	Parameter bitDiv bound to: 22 - type: integer 
INFO: [Synth 8-6157] synthesizing module 'flipflop' [C:/Users/OarChula/Documents/GitHub/2110363-HWSynLab/lab04/lab04.srcs/sources_1/new/flipflop.v:97]
INFO: [Synth 8-6155] done synthesizing module 'flipflop' (0#1) [C:/Users/OarChula/Documents/GitHub/2110363-HWSynLab/lab04/lab04.srcs/sources_1/new/flipflop.v:97]
WARNING: [Synth 8-567] referenced signal 'bit' should be on the sensitivity list [C:/Users/OarChula/Documents/GitHub/2110363-HWSynLab/lab04/lab04.srcs/sources_1/new/flipflop.v:69]
INFO: [Synth 8-6155] done synthesizing module 'clkDivide' (0#1) [C:/Users/OarChula/Documents/GitHub/2110363-HWSynLab/lab04/lab04.srcs/sources_1/new/flipflop.v:54]
INFO: [Synth 8-6155] done synthesizing module 'system3_clkDivide_0_0' (0#1) [c:/Users/OarChula/Documents/GitHub/2110363-HWSynLab/lab04/lab04.gen/sources_1/bd/system3/ip/system3_clkDivide_0_0/synth/system3_clkDivide_0_0.v:53]
---------------------------------------------------------------------------------
Finished Synthesize : Time (s): cpu = 00:00:13 ; elapsed = 00:00:20 . Memory (MB): peak = 1092.973 ; gain = 557.543
---------------------------------------------------------------------------------
---------------------------------------------------------------------------------
Finished Constraint Validation : Time (s): cpu = 00:00:14 ; elapsed = 00:00:22 . Memory (MB): peak = 1092.973 ; gain = 557.543
---------------------------------------------------------------------------------
---------------------------------------------------------------------------------
Start Loading Part and Timing Information
---------------------------------------------------------------------------------
Loading part: xc7a35tcpg236-1
---------------------------------------------------------------------------------
Finished Loading Part and Timing Information : Time (s): cpu = 00:00:14 ; elapsed = 00:00:22 . Memory (MB): peak = 1092.973 ; gain = 557.543
---------------------------------------------------------------------------------
INFO: [Device 21-403] Loading part xc7a35tcpg236-1
---------------------------------------------------------------------------------
Finished RTL Optimization Phase 2 : Time (s): cpu = 00:00:14 ; elapsed = 00:00:22 . Memory (MB): peak = 1092.973 ; gain = 557.543
---------------------------------------------------------------------------------
No constraint files found.
---------------------------------------------------------------------------------
Start RTL Component Statistics 
---------------------------------------------------------------------------------
Detailed RTL Component Info : 
+---Registers : 
	                1 Bit    Registers := 21    
---------------------------------------------------------------------------------
Finished RTL Component Statistics 
---------------------------------------------------------------------------------
---------------------------------------------------------------------------------
Start Part Resource Summary
---------------------------------------------------------------------------------
INFO: [Device 21-9227] Part: xc7a35tcpg236-1 does not have CEAM library.
Part Resources:
DSPs: 90 (col length:60)
BRAMs: 100 (col length: RAMB18 60 RAMB36 30)
---------------------------------------------------------------------------------
Finished Part Resource Summary
---------------------------------------------------------------------------------
No constraint files found.
---------------------------------------------------------------------------------
Start Cross Boundary and Area Optimization
---------------------------------------------------------------------------------
WARNING: [Synth 8-7080] Parallel synthesis criteria is not met
---------------------------------------------------------------------------------
Finished Cross Boundary and Area Optimization : Time (s): cpu = 00:00:24 ; elapsed = 00:00:38 . Memory (MB): peak = 1267.859 ; gain = 732.430
---------------------------------------------------------------------------------
No constraint files found.
---------------------------------------------------------------------------------
Start Timing Optimization
---------------------------------------------------------------------------------
---------------------------------------------------------------------------------
Finished Timing Optimization : Time (s): cpu = 00:00:24 ; elapsed = 00:00:38 . Memory (MB): peak = 1273.176 ; gain = 737.746
---------------------------------------------------------------------------------
---------------------------------------------------------------------------------
Start Technology Mapping
---------------------------------------------------------------------------------
---------------------------------------------------------------------------------
Finished Technology Mapping : Time (s): cpu = 00:00:24 ; elapsed = 00:00:38 . Memory (MB): peak = 1273.176 ; gain = 737.746
---------------------------------------------------------------------------------
---------------------------------------------------------------------------------
Start IO Insertion
---------------------------------------------------------------------------------
---------------------------------------------------------------------------------
Start Flattening Before IO Insertion
---------------------------------------------------------------------------------
---------------------------------------------------------------------------------
Finished Flattening Before IO Insertion
---------------------------------------------------------------------------------
---------------------------------------------------------------------------------
Start Final Netlist Cleanup
---------------------------------------------------------------------------------
---------------------------------------------------------------------------------
Finished Final Netlist Cleanup
---------------------------------------------------------------------------------
---------------------------------------------------------------------------------
Finished IO Insertion : Time (s): cpu = 00:00:32 ; elapsed = 00:00:52 . Memory (MB): peak = 1273.176 ; gain = 737.746
---------------------------------------------------------------------------------
---------------------------------------------------------------------------------
Start Renaming Generated Instances
---------------------------------------------------------------------------------
---------------------------------------------------------------------------------
Finished Renaming Generated Instances : Time (s): cpu = 00:00:32 ; elapsed = 00:00:52 . Memory (MB): peak = 1273.176 ; gain = 737.746
---------------------------------------------------------------------------------
---------------------------------------------------------------------------------
Start Rebuilding User Hierarchy
---------------------------------------------------------------------------------
---------------------------------------------------------------------------------
Finished Rebuilding User Hierarchy : Time (s): cpu = 00:00:32 ; elapsed = 00:00:52 . Memory (MB): peak = 1273.176 ; gain = 737.746
---------------------------------------------------------------------------------
---------------------------------------------------------------------------------
Start Renaming Generated Ports
---------------------------------------------------------------------------------
---------------------------------------------------------------------------------
Finished Renaming Generated Ports : Time (s): cpu = 00:00:32 ; elapsed = 00:00:52 . Memory (MB): peak = 1273.176 ; gain = 737.746
---------------------------------------------------------------------------------
---------------------------------------------------------------------------------
Start Handling Custom Attributes
---------------------------------------------------------------------------------
---------------------------------------------------------------------------------
Finished Handling Custom Attributes : Time (s): cpu = 00:00:32 ; elapsed = 00:00:52 . Memory (MB): peak = 1273.176 ; gain = 737.746
---------------------------------------------------------------------------------
---------------------------------------------------------------------------------
Start Renaming Generated Nets
---------------------------------------------------------------------------------
---------------------------------------------------------------------------------
Finished Renaming Generated Nets : Time (s): cpu = 00:00:32 ; elapsed = 00:00:52 . Memory (MB): peak = 1273.176 ; gain = 737.746
---------------------------------------------------------------------------------
---------------------------------------------------------------------------------
Start Writing Synthesis Report
---------------------------------------------------------------------------------

Report BlackBoxes: 
+-+--------------+----------+
| |BlackBox name |Instances |
+-+--------------+----------+
+-+--------------+----------+

Report Cell Usage: 
+------+------+------+
|      |Cell  |Count |
+------+------+------+
|1     |LUT1  |    21|
|2     |LUT3  |     1|
|3     |LUT5  |     1|
|4     |LUT6  |     5|
|5     |MUXF7 |     3|
|6     |FDRE  |    21|
+------+------+------+

Report Instance Areas: 
+------+---------------------+------------+------+
|      |Instance             |Module      |Cells |
+------+---------------------+------------+------+
|1     |top                  |            |    52|
|2     |  inst               |clkDivide   |    52|
|3     |    \genblk1[10].ff  |flipflop    |     2|
|4     |    \genblk1[11].ff  |flipflop_0  |     4|
|5     |    \genblk1[12].ff  |flipflop_1  |     2|
|6     |    \genblk1[13].ff  |flipflop_2  |     2|
|7     |    \genblk1[14].ff  |flipflop_3  |     2|
|8     |    \genblk1[15].ff  |flipflop_4  |     3|
|9     |    \genblk1[16].ff  |flipflop_5  |     2|
|10    |    \genblk1[17].ff  |flipflop_6  |     2|
|11    |    \genblk1[18].ff  |flipflop_7  |     2|
|12    |    \genblk1[19].ff  |flipflop_8  |     5|
|13    |    \genblk1[1].ff   |flipflop_9  |     2|
|14    |    \genblk1[20].ff  |flipflop_10 |     2|
|15    |    \genblk1[21].ff  |flipflop_11 |     3|
|16    |    \genblk1[2].ff   |flipflop_12 |     2|
|17    |    \genblk1[3].ff   |flipflop_13 |     4|
|18    |    \genblk1[4].ff   |flipflop_14 |     2|
|19    |    \genblk1[5].ff   |flipflop_15 |     2|
|20    |    \genblk1[6].ff   |flipflop_16 |     2|
|21    |    \genblk1[7].ff   |flipflop_17 |     3|
|22    |    \genblk1[8].ff   |flipflop_18 |     2|
|23    |    \genblk1[9].ff   |flipflop_19 |     2|
+------+---------------------+------------+------+
---------------------------------------------------------------------------------
Finished Writing Synthesis Report : Time (s): cpu = 00:00:32 ; elapsed = 00:00:52 . Memory (MB): peak = 1273.176 ; gain = 737.746
---------------------------------------------------------------------------------
Synthesis finished with 0 errors, 0 critical warnings and 3 warnings.
Synthesis Optimization Runtime : Time (s): cpu = 00:00:32 ; elapsed = 00:00:52 . Memory (MB): peak = 1273.176 ; gain = 737.746
Synthesis Optimization Complete : Time (s): cpu = 00:00:32 ; elapsed = 00:00:52 . Memory (MB): peak = 1273.176 ; gain = 737.746
INFO: [Project 1-571] Translating synthesized netlist
Netlist sorting complete. Time (s): cpu = 00:00:00 ; elapsed = 00:00:00.001 . Memory (MB): peak = 1285.219 ; gain = 0.000
INFO: [Netlist 29-17] Analyzing 3 Unisim elements for replacement
INFO: [Netlist 29-28] Unisim Transformation completed in 0 CPU seconds
INFO: [Project 1-570] Preparing netlist for logic optimization
INFO: [Opt 31-138] Pushed 0 inverter(s) to 0 load pin(s).
Netlist sorting complete. Time (s): cpu = 00:00:00 ; elapsed = 00:00:00 . Memory (MB): peak = 1376.320 ; gain = 0.000
INFO: [Project 1-111] Unisim Transformation Summary:
No Unisim elements were transformed.

Synth Design complete | Checksum: 4a63d0e5
INFO: [Common 17-83] Releasing license: Synthesis
23 Infos, 3 Warnings, 0 Critical Warnings and 0 Errors encountered.
synth_design completed successfully
synth_design: Time (s): cpu = 00:00:35 ; elapsed = 00:00:57 . Memory (MB): peak = 1376.320 ; gain = 848.836
INFO: [Coretcl 2-1174] Renamed 22 cell refs.
INFO: [Timing 38-35] Done setting XDC timing constraints.
Write ShapeDB Complete: Time (s): cpu = 00:00:00 ; elapsed = 00:00:00.003 . Memory (MB): peak = 1689.891 ; gain = 0.000
INFO: [Common 17-1381] The checkpoint 'C:/Users/OarChula/Documents/GitHub/2110363-HWSynLab/lab04/lab04.runs/system3_clkDivide_0_0_synth_1/system3_clkDivide_0_0.dcp' has been generated.
write_checkpoint: Time (s): cpu = 00:00:08 ; elapsed = 00:00:16 . Memory (MB): peak = 1690.000 ; gain = 313.680
INFO: [Vivado 12-24828] Executing command : report_utilization -file system3_clkDivide_0_0_utilization_synth.rpt -pb system3_clkDivide_0_0_utilization_synth.pb
INFO: [Common 17-206] Exiting Vivado at Tue Sep 17 14:41:03 2024...
